
  .   ____          _            __ _ _
 /\\ / ___'_ __ _ _(_)_ __  __ _ \ \ \ \
( ( )\___ | '_ | '_| | '_ \/ _` | \ \ \ \
 \\/  ___)| |_)| | | | | || (_| |  ) ) ) )
  '  |____| .__|_| |_|_| |_\__, | / / / /
 =========|_|==============|___/=/_/_/_/
 :: Spring Boot ::                (v2.7.0)

2022-06-14 02:53:57.033  INFO 1685 --- [           main] c.s.m.Mongoproject2Application           : Starting Mongoproject2Application v0.0.1-SNAPSHOT using Java 11.0.15 on ip-172-31-36-222 with PID 1685 (/home/ubuntu/server-klinik-java-spring/mongoproject2-0.0.1-SNAPSHOT.jar started by ubuntu in /home/ubuntu/server-klinik-java-spring)
2022-06-14 02:53:57.040  INFO 1685 --- [           main] c.s.m.Mongoproject2Application           : No active profile set, falling back to 1 default profile: "default"
2022-06-14 02:53:58.519  INFO 1685 --- [           main] .s.d.r.c.RepositoryConfigurationDelegate : Bootstrapping Spring Data MongoDB repositories in DEFAULT mode.
2022-06-14 02:53:58.616  INFO 1685 --- [           main] .s.d.r.c.RepositoryConfigurationDelegate : Finished Spring Data repository scanning in 88 ms. Found 1 MongoDB repository interfaces.
2022-06-14 02:53:59.730  INFO 1685 --- [           main] o.s.b.w.embedded.tomcat.TomcatWebServer  : Tomcat initialized with port(s): 80 (http)
2022-06-14 02:53:59.755  INFO 1685 --- [           main] o.apache.catalina.core.StandardService   : Starting service [Tomcat]
2022-06-14 02:53:59.756  INFO 1685 --- [           main] org.apache.catalina.core.StandardEngine  : Starting Servlet engine: [Apache Tomcat/9.0.63]
2022-06-14 02:53:59.956  INFO 1685 --- [           main] o.a.c.c.C.[Tomcat].[localhost].[/]       : Initializing Spring embedded WebApplicationContext
2022-06-14 02:53:59.956  INFO 1685 --- [           main] w.s.c.ServletWebServerApplicationContext : Root WebApplicationContext: initialization completed in 2790 ms
2022-06-14 02:54:00.939  INFO 1685 --- [vgc.mongodb.net] org.mongodb.driver.cluster               : Adding discovered server cluster0-shard-00-02.favgc.mongodb.net:27017 to client view of cluster
2022-06-14 02:54:00.970  INFO 1685 --- [           main] org.mongodb.driver.client                : MongoClient with metadata {"driver": {"name": "mongo-java-driver|sync|spring-boot", "version": "4.6.0"}, "os": {"type": "Linux", "name": "Linux", "architecture": "amd64", "version": "5.13.0-1022-aws"}, "platform": "Java/Private Build/11.0.15+10-Ubuntu-0ubuntu0.20.04.1"} created with settings MongoClientSettings{readPreference=primary, writeConcern=WriteConcern{w=majority, wTimeout=null ms, journal=null}, retryWrites=true, retryReads=true, readConcern=ReadConcern{level=null}, credential=MongoCredential{mechanism=null, userName='aamuzakii', source='admin', password=<hidden>, mechanismProperties=<hidden>}, streamFactoryFactory=null, commandListeners=[], codecRegistry=ProvidersCodecRegistry{codecProviders=[ValueCodecProvider{}, BsonValueCodecProvider{}, DBRefCodecProvider{}, DBObjectCodecProvider{}, DocumentCodecProvider{}, IterableCodecProvider{}, MapCodecProvider{}, GeoJsonCodecProvider{}, GridFSFileCodecProvider{}, Jsr310CodecProvider{}, JsonObjectCodecProvider{}, BsonCodecProvider{}, EnumCodecProvider{}, com.mongodb.Jep395RecordCodecProvider@2fea7088]}, clusterSettings={hosts=[127.0.0.1:27017], srvHost=cluster0.favgc.mongodb.net, srvServiceName=mongodb, mode=MULTIPLE, requiredClusterType=REPLICA_SET, requiredReplicaSetName='atlas-11jhlv-shard-0', serverSelector='null', clusterListeners='[]', serverSelectionTimeout='30000 ms', localThreshold='30000 ms'}, socketSettings=SocketSettings{connectTimeoutMS=10000, readTimeoutMS=0, receiveBufferSize=0, sendBufferSize=0}, heartbeatSocketSettings=SocketSettings{connectTimeoutMS=10000, readTimeoutMS=10000, receiveBufferSize=0, sendBufferSize=0}, connectionPoolSettings=ConnectionPoolSettings{maxSize=100, minSize=0, maxWaitTimeMS=120000, maxConnectionLifeTimeMS=0, maxConnectionIdleTimeMS=0, maintenanceInitialDelayMS=0, maintenanceFrequencyMS=60000, connectionPoolListeners=[], maxConnecting=2}, serverSettings=ServerSettings{heartbeatFrequencyMS=10000, minHeartbeatFrequencyMS=500, serverListeners='[]', serverMonitorListeners='[]'}, sslSettings=SslSettings{enabled=true, invalidHostNameAllowed=false, context=null}, applicationName='null', compressorList=[], uuidRepresentation=JAVA_LEGACY, serverApi=null, autoEncryptionSettings=null, contextProvider=null}
2022-06-14 02:54:01.032  INFO 1685 --- [vgc.mongodb.net] org.mongodb.driver.cluster               : Adding discovered server cluster0-shard-00-00.favgc.mongodb.net:27017 to client view of cluster
2022-06-14 02:54:01.054  INFO 1685 --- [vgc.mongodb.net] org.mongodb.driver.cluster               : Adding discovered server cluster0-shard-00-01.favgc.mongodb.net:27017 to client view of cluster
2022-06-14 02:54:02.199  INFO 1685 --- [ngodb.net:27017] org.mongodb.driver.connection            : Opened connection [connectionId{localValue:6, serverValue:13639}] to cluster0-shard-00-01.favgc.mongodb.net:27017
2022-06-14 02:54:02.208  INFO 1685 --- [ngodb.net:27017] org.mongodb.driver.connection            : Opened connection [connectionId{localValue:5, serverValue:13440}] to cluster0-shard-00-00.favgc.mongodb.net:27017
2022-06-14 02:54:02.208  INFO 1685 --- [ngodb.net:27017] org.mongodb.driver.cluster               : Monitor thread successfully connected to server with description ServerDescription{address=cluster0-shard-00-00.favgc.mongodb.net:27017, type=REPLICA_SET_SECONDARY, state=CONNECTED, ok=true, minWireVersion=0, maxWireVersion=13, maxDocumentSize=16777216, logicalSessionTimeoutMinutes=30, roundTripTimeNanos=661549993, setName='atlas-11jhlv-shard-0', canonicalAddress=cluster0-shard-00-00.favgc.mongodb.net:27017, hosts=[cluster0-shard-00-02.favgc.mongodb.net:27017, cluster0-shard-00-01.favgc.mongodb.net:27017, cluster0-shard-00-00.favgc.mongodb.net:27017], passives=[], arbiters=[], primary='cluster0-shard-00-01.favgc.mongodb.net:27017', tagSet=TagSet{[Tag{name='nodeType', value='ELECTABLE'}, Tag{name='provider', value='AWS'}, Tag{name='region', value='US_EAST_1'}, Tag{name='workloadType', value='OPERATIONAL'}]}, electionId=null, setVersion=11, topologyVersion=TopologyVersion{processId=62a76de4a28a2e4f5372256e, counter=4}, lastWriteDate=Tue Jun 14 02:54:02 UTC 2022, lastUpdateTimeNanos=385208527886}
2022-06-14 02:54:02.211  INFO 1685 --- [ngodb.net:27017] org.mongodb.driver.connection            : Opened connection [connectionId{localValue:4, serverValue:13792}] to cluster0-shard-00-01.favgc.mongodb.net:27017
2022-06-14 02:54:02.213  INFO 1685 --- [ngodb.net:27017] org.mongodb.driver.connection            : Opened connection [connectionId{localValue:2, serverValue:13690}] to cluster0-shard-00-02.favgc.mongodb.net:27017
2022-06-14 02:54:02.213  INFO 1685 --- [ngodb.net:27017] org.mongodb.driver.cluster               : Monitor thread successfully connected to server with description ServerDescription{address=cluster0-shard-00-02.favgc.mongodb.net:27017, type=REPLICA_SET_SECONDARY, state=CONNECTED, ok=true, minWireVersion=0, maxWireVersion=13, maxDocumentSize=16777216, logicalSessionTimeoutMinutes=30, roundTripTimeNanos=662383604, setName='atlas-11jhlv-shard-0', canonicalAddress=cluster0-shard-00-02.favgc.mongodb.net:27017, hosts=[cluster0-shard-00-02.favgc.mongodb.net:27017, cluster0-shard-00-01.favgc.mongodb.net:27017, cluster0-shard-00-00.favgc.mongodb.net:27017], passives=[], arbiters=[], primary='cluster0-shard-00-01.favgc.mongodb.net:27017', tagSet=TagSet{[Tag{name='nodeType', value='ELECTABLE'}, Tag{name='provider', value='AWS'}, Tag{name='region', value='US_EAST_1'}, Tag{name='workloadType', value='OPERATIONAL'}]}, electionId=null, setVersion=11, topologyVersion=TopologyVersion{processId=62a76ebd3400e4b4f23fb27a, counter=3}, lastWriteDate=Tue Jun 14 02:54:02 UTC 2022, lastUpdateTimeNanos=385213808353}
2022-06-14 02:54:02.214  INFO 1685 --- [ngodb.net:27017] org.mongodb.driver.connection            : Opened connection [connectionId{localValue:3, serverValue:13440}] to cluster0-shard-00-00.favgc.mongodb.net:27017
2022-06-14 02:54:02.216  INFO 1685 --- [ngodb.net:27017] org.mongodb.driver.connection            : Opened connection [connectionId{localValue:1, serverValue:13690}] to cluster0-shard-00-02.favgc.mongodb.net:27017
2022-06-14 02:54:02.226  INFO 1685 --- [ngodb.net:27017] org.mongodb.driver.cluster               : Monitor thread successfully connected to server with description ServerDescription{address=cluster0-shard-00-01.favgc.mongodb.net:27017, type=REPLICA_SET_PRIMARY, state=CONNECTED, ok=true, minWireVersion=0, maxWireVersion=13, maxDocumentSize=16777216, logicalSessionTimeoutMinutes=30, roundTripTimeNanos=665871016, setName='atlas-11jhlv-shard-0', canonicalAddress=cluster0-shard-00-01.favgc.mongodb.net:27017, hosts=[cluster0-shard-00-02.favgc.mongodb.net:27017, cluster0-shard-00-01.favgc.mongodb.net:27017, cluster0-shard-00-00.favgc.mongodb.net:27017], passives=[], arbiters=[], primary='cluster0-shard-00-01.favgc.mongodb.net:27017', tagSet=TagSet{[Tag{name='nodeType', value='ELECTABLE'}, Tag{name='provider', value='AWS'}, Tag{name='region', value='US_EAST_1'}, Tag{name='workloadType', value='OPERATIONAL'}]}, electionId=7fffffff000000000000008f, setVersion=11, topologyVersion=TopologyVersion{processId=62a76e544e9aad04d727c384, counter=6}, lastWriteDate=Tue Jun 14 02:54:02 UTC 2022, lastUpdateTimeNanos=385212383313}
2022-06-14 02:54:02.244  INFO 1685 --- [ngodb.net:27017] org.mongodb.driver.cluster               : Setting max election id to 7fffffff000000000000008f from replica set primary cluster0-shard-00-01.favgc.mongodb.net:27017
2022-06-14 02:54:02.245  INFO 1685 --- [ngodb.net:27017] org.mongodb.driver.cluster               : Setting max set version to 11 from replica set primary cluster0-shard-00-01.favgc.mongodb.net:27017
2022-06-14 02:54:02.245  INFO 1685 --- [ngodb.net:27017] org.mongodb.driver.cluster               : Discovered replica set primary cluster0-shard-00-01.favgc.mongodb.net:27017
2022-06-14 02:54:03.162  WARN 1685 --- [           main] ConfigServletWebServerApplicationContext : Exception encountered during context initialization - cancelling refresh attempt: org.springframework.context.ApplicationContextException: Failed to start bean 'webServerStartStop'; nested exception is org.springframework.boot.web.server.WebServerException: Unable to start embedded Tomcat server
2022-06-14 02:54:03.217  INFO 1685 --- [           main] o.apache.catalina.core.StandardService   : Stopping service [Tomcat]
2022-06-14 02:54:03.246  INFO 1685 --- [           main] ConditionEvaluationReportLoggingListener : 

Error starting ApplicationContext. To display the conditions report re-run your application with 'debug' enabled.
2022-06-14 02:54:03.298 ERROR 1685 --- [           main] o.s.boot.SpringApplication               : Application run failed

org.springframework.context.ApplicationContextException: Failed to start bean 'webServerStartStop'; nested exception is org.springframework.boot.web.server.WebServerException: Unable to start embedded Tomcat server
	at org.springframework.context.support.DefaultLifecycleProcessor.doStart(DefaultLifecycleProcessor.java:181) ~[spring-context-5.3.20.jar!/:5.3.20]
	at org.springframework.context.support.DefaultLifecycleProcessor.access$200(DefaultLifecycleProcessor.java:54) ~[spring-context-5.3.20.jar!/:5.3.20]
	at org.springframework.context.support.DefaultLifecycleProcessor$LifecycleGroup.start(DefaultLifecycleProcessor.java:356) ~[spring-context-5.3.20.jar!/:5.3.20]
	at java.base/java.lang.Iterable.forEach(Iterable.java:75) ~[na:na]
	at org.springframework.context.support.DefaultLifecycleProcessor.startBeans(DefaultLifecycleProcessor.java:155) ~[spring-context-5.3.20.jar!/:5.3.20]
	at org.springframework.context.support.DefaultLifecycleProcessor.onRefresh(DefaultLifecycleProcessor.java:123) ~[spring-context-5.3.20.jar!/:5.3.20]
	at org.springframework.context.support.AbstractApplicationContext.finishRefresh(AbstractApplicationContext.java:935) ~[spring-context-5.3.20.jar!/:5.3.20]
	at org.springframework.context.support.AbstractApplicationContext.refresh(AbstractApplicationContext.java:586) ~[spring-context-5.3.20.jar!/:5.3.20]
	at org.springframework.boot.web.servlet.context.ServletWebServerApplicationContext.refresh(ServletWebServerApplicationContext.java:147) ~[spring-boot-2.7.0.jar!/:2.7.0]
	at org.springframework.boot.SpringApplication.refresh(SpringApplication.java:734) ~[spring-boot-2.7.0.jar!/:2.7.0]
	at org.springframework.boot.SpringApplication.refreshContext(SpringApplication.java:408) ~[spring-boot-2.7.0.jar!/:2.7.0]
	at org.springframework.boot.SpringApplication.run(SpringApplication.java:308) ~[spring-boot-2.7.0.jar!/:2.7.0]
	at org.springframework.boot.SpringApplication.run(SpringApplication.java:1306) ~[spring-boot-2.7.0.jar!/:2.7.0]
	at org.springframework.boot.SpringApplication.run(SpringApplication.java:1295) ~[spring-boot-2.7.0.jar!/:2.7.0]
	at com.salatin.mongoproject2.Mongoproject2Application.main(Mongoproject2Application.java:10) ~[classes!/:0.0.1-SNAPSHOT]
	at java.base/jdk.internal.reflect.NativeMethodAccessorImpl.invoke0(Native Method) ~[na:na]
	at java.base/jdk.internal.reflect.NativeMethodAccessorImpl.invoke(NativeMethodAccessorImpl.java:62) ~[na:na]
	at java.base/jdk.internal.reflect.DelegatingMethodAccessorImpl.invoke(DelegatingMethodAccessorImpl.java:43) ~[na:na]
	at java.base/java.lang.reflect.Method.invoke(Method.java:566) ~[na:na]
	at org.springframework.boot.loader.MainMethodRunner.run(MainMethodRunner.java:49) ~[mongoproject2-0.0.1-SNAPSHOT.jar:0.0.1-SNAPSHOT]
	at org.springframework.boot.loader.Launcher.launch(Launcher.java:108) ~[mongoproject2-0.0.1-SNAPSHOT.jar:0.0.1-SNAPSHOT]
	at org.springframework.boot.loader.Launcher.launch(Launcher.java:58) ~[mongoproject2-0.0.1-SNAPSHOT.jar:0.0.1-SNAPSHOT]
	at org.springframework.boot.loader.JarLauncher.main(JarLauncher.java:65) ~[mongoproject2-0.0.1-SNAPSHOT.jar:0.0.1-SNAPSHOT]
Caused by: org.springframework.boot.web.server.WebServerException: Unable to start embedded Tomcat server
	at org.springframework.boot.web.embedded.tomcat.TomcatWebServer.start(TomcatWebServer.java:229) ~[spring-boot-2.7.0.jar!/:2.7.0]
	at org.springframework.boot.web.servlet.context.WebServerStartStopLifecycle.start(WebServerStartStopLifecycle.java:43) ~[spring-boot-2.7.0.jar!/:2.7.0]
	at org.springframework.context.support.DefaultLifecycleProcessor.doStart(DefaultLifecycleProcessor.java:178) ~[spring-context-5.3.20.jar!/:5.3.20]
	... 22 common frames omitted
Caused by: java.lang.IllegalArgumentException: standardService.connector.startFailed
	at org.apache.catalina.core.StandardService.addConnector(StandardService.java:238) ~[tomcat-embed-core-9.0.63.jar!/:na]
	at org.springframework.boot.web.embedded.tomcat.TomcatWebServer.addPreviouslyRemovedConnectors(TomcatWebServer.java:282) ~[spring-boot-2.7.0.jar!/:2.7.0]
	at org.springframework.boot.web.embedded.tomcat.TomcatWebServer.start(TomcatWebServer.java:213) ~[spring-boot-2.7.0.jar!/:2.7.0]
	... 24 common frames omitted
Caused by: org.apache.catalina.LifecycleException: Protocol handler start failed
	at org.apache.catalina.connector.Connector.startInternal(Connector.java:1075) ~[tomcat-embed-core-9.0.63.jar!/:na]
	at org.apache.catalina.util.LifecycleBase.start(LifecycleBase.java:183) ~[tomcat-embed-core-9.0.63.jar!/:na]
	at org.apache.catalina.core.StandardService.addConnector(StandardService.java:234) ~[tomcat-embed-core-9.0.63.jar!/:na]
	... 26 common frames omitted
Caused by: java.net.SocketException: Permission denied
	at java.base/sun.nio.ch.Net.bind0(Native Method) ~[na:na]
	at java.base/sun.nio.ch.Net.bind(Net.java:459) ~[na:na]
	at java.base/sun.nio.ch.Net.bind(Net.java:448) ~[na:na]
	at java.base/sun.nio.ch.ServerSocketChannelImpl.bind(ServerSocketChannelImpl.java:227) ~[na:na]
	at org.apache.tomcat.util.net.NioEndpoint.initServerSocket(NioEndpoint.java:274) ~[tomcat-embed-core-9.0.63.jar!/:na]
	at org.apache.tomcat.util.net.NioEndpoint.bind(NioEndpoint.java:229) ~[tomcat-embed-core-9.0.63.jar!/:na]
	at org.apache.tomcat.util.net.AbstractEndpoint.bindWithCleanup(AbstractEndpoint.java:1227) ~[tomcat-embed-core-9.0.63.jar!/:na]
	at org.apache.tomcat.util.net.AbstractEndpoint.start(AbstractEndpoint.java:1313) ~[tomcat-embed-core-9.0.63.jar!/:na]
	at org.apache.coyote.AbstractProtocol.start(AbstractProtocol.java:614) ~[tomcat-embed-core-9.0.63.jar!/:na]
	at org.apache.catalina.connector.Connector.startInternal(Connector.java:1072) ~[tomcat-embed-core-9.0.63.jar!/:na]
	... 28 common frames omitted


  .   ____          _            __ _ _
 /\\ / ___'_ __ _ _(_)_ __  __ _ \ \ \ \
( ( )\___ | '_ | '_| | '_ \/ _` | \ \ \ \
 \\/  ___)| |_)| | | | | || (_| |  ) ) ) )
  '  |____| .__|_| |_|_| |_\__, | / / / /
 =========|_|==============|___/=/_/_/_/
 :: Spring Boot ::                (v2.7.0)

2022-06-14 16:09:48.595  INFO 906 --- [           main] c.s.m.Mongoproject2Application           : Starting Mongoproject2Application v0.0.1-SNAPSHOT using Java 11.0.15 on ip-172-31-36-222 with PID 906 (/home/ubuntu/server-klinik-java-spring/mongoproject2-0.0.1-SNAPSHOT.jar started by ubuntu in /home/ubuntu/server-klinik-java-spring)
2022-06-14 16:09:48.604  INFO 906 --- [           main] c.s.m.Mongoproject2Application           : No active profile set, falling back to 1 default profile: "default"
2022-06-14 16:09:50.160  INFO 906 --- [           main] .s.d.r.c.RepositoryConfigurationDelegate : Bootstrapping Spring Data MongoDB repositories in DEFAULT mode.
2022-06-14 16:09:50.259  INFO 906 --- [           main] .s.d.r.c.RepositoryConfigurationDelegate : Finished Spring Data repository scanning in 86 ms. Found 1 MongoDB repository interfaces.
2022-06-14 16:09:51.543  INFO 906 --- [           main] o.s.b.w.embedded.tomcat.TomcatWebServer  : Tomcat initialized with port(s): 8080 (http)
2022-06-14 16:09:51.573  INFO 906 --- [           main] o.apache.catalina.core.StandardService   : Starting service [Tomcat]
2022-06-14 16:09:51.573  INFO 906 --- [           main] org.apache.catalina.core.StandardEngine  : Starting Servlet engine: [Apache Tomcat/9.0.63]
2022-06-14 16:09:51.784  INFO 906 --- [           main] o.a.c.c.C.[Tomcat].[localhost].[/]       : Initializing Spring embedded WebApplicationContext
2022-06-14 16:09:51.785  INFO 906 --- [           main] w.s.c.ServletWebServerApplicationContext : Root WebApplicationContext: initialization completed in 3052 ms
2022-06-14 16:09:52.756  INFO 906 --- [vgc.mongodb.net] org.mongodb.driver.cluster               : Adding discovered server cluster0-shard-00-02.favgc.mongodb.net:27017 to client view of cluster
2022-06-14 16:09:52.798  INFO 906 --- [           main] org.mongodb.driver.client                : MongoClient with metadata {"driver": {"name": "mongo-java-driver|sync|spring-boot", "version": "4.6.0"}, "os": {"type": "Linux", "name": "Linux", "architecture": "amd64", "version": "5.13.0-1022-aws"}, "platform": "Java/Private Build/11.0.15+10-Ubuntu-0ubuntu0.20.04.1"} created with settings MongoClientSettings{readPreference=primary, writeConcern=WriteConcern{w=majority, wTimeout=null ms, journal=null}, retryWrites=true, retryReads=true, readConcern=ReadConcern{level=null}, credential=MongoCredential{mechanism=null, userName='aamuzakii', source='admin', password=<hidden>, mechanismProperties=<hidden>}, streamFactoryFactory=null, commandListeners=[], codecRegistry=ProvidersCodecRegistry{codecProviders=[ValueCodecProvider{}, BsonValueCodecProvider{}, DBRefCodecProvider{}, DBObjectCodecProvider{}, DocumentCodecProvider{}, IterableCodecProvider{}, MapCodecProvider{}, GeoJsonCodecProvider{}, GridFSFileCodecProvider{}, Jsr310CodecProvider{}, JsonObjectCodecProvider{}, BsonCodecProvider{}, EnumCodecProvider{}, com.mongodb.Jep395RecordCodecProvider@5c87bfe2]}, clusterSettings={hosts=[127.0.0.1:27017], srvHost=cluster0.favgc.mongodb.net, srvServiceName=mongodb, mode=MULTIPLE, requiredClusterType=REPLICA_SET, requiredReplicaSetName='atlas-11jhlv-shard-0', serverSelector='null', clusterListeners='[]', serverSelectionTimeout='30000 ms', localThreshold='30000 ms'}, socketSettings=SocketSettings{connectTimeoutMS=10000, readTimeoutMS=0, receiveBufferSize=0, sendBufferSize=0}, heartbeatSocketSettings=SocketSettings{connectTimeoutMS=10000, readTimeoutMS=10000, receiveBufferSize=0, sendBufferSize=0}, connectionPoolSettings=ConnectionPoolSettings{maxSize=100, minSize=0, maxWaitTimeMS=120000, maxConnectionLifeTimeMS=0, maxConnectionIdleTimeMS=0, maintenanceInitialDelayMS=0, maintenanceFrequencyMS=60000, connectionPoolListeners=[], maxConnecting=2}, serverSettings=ServerSettings{heartbeatFrequencyMS=10000, minHeartbeatFrequencyMS=500, serverListeners='[]', serverMonitorListeners='[]'}, sslSettings=SslSettings{enabled=true, invalidHostNameAllowed=false, context=null}, applicationName='null', compressorList=[], uuidRepresentation=JAVA_LEGACY, serverApi=null, autoEncryptionSettings=null, contextProvider=null}
2022-06-14 16:09:52.856  INFO 906 --- [vgc.mongodb.net] org.mongodb.driver.cluster               : Adding discovered server cluster0-shard-00-00.favgc.mongodb.net:27017 to client view of cluster
2022-06-14 16:09:52.858  INFO 906 --- [vgc.mongodb.net] org.mongodb.driver.cluster               : Adding discovered server cluster0-shard-00-01.favgc.mongodb.net:27017 to client view of cluster
2022-06-14 16:09:54.126  INFO 906 --- [ngodb.net:27017] org.mongodb.driver.connection            : Opened connection [connectionId{localValue:3, serverValue:29261}] to cluster0-shard-00-00.favgc.mongodb.net:27017
2022-06-14 16:09:54.129  INFO 906 --- [ngodb.net:27017] org.mongodb.driver.connection            : Opened connection [connectionId{localValue:6, serverValue:29467}] to cluster0-shard-00-02.favgc.mongodb.net:27017
2022-06-14 16:09:54.133  INFO 906 --- [ngodb.net:27017] org.mongodb.driver.connection            : Opened connection [connectionId{localValue:4, serverValue:29261}] to cluster0-shard-00-00.favgc.mongodb.net:27017
2022-06-14 16:09:54.137  INFO 906 --- [ngodb.net:27017] org.mongodb.driver.connection            : Opened connection [connectionId{localValue:5, serverValue:29641}] to cluster0-shard-00-01.favgc.mongodb.net:27017
2022-06-14 16:09:54.143  INFO 906 --- [ngodb.net:27017] org.mongodb.driver.connection            : Opened connection [connectionId{localValue:1, serverValue:29471}] to cluster0-shard-00-02.favgc.mongodb.net:27017
2022-06-14 16:09:54.144  INFO 906 --- [ngodb.net:27017] org.mongodb.driver.connection            : Opened connection [connectionId{localValue:2, serverValue:29641}] to cluster0-shard-00-01.favgc.mongodb.net:27017
2022-06-14 16:09:54.152  INFO 906 --- [ngodb.net:27017] org.mongodb.driver.cluster               : Monitor thread successfully connected to server with description ServerDescription{address=cluster0-shard-00-00.favgc.mongodb.net:27017, type=REPLICA_SET_SECONDARY, state=CONNECTED, ok=true, minWireVersion=0, maxWireVersion=13, maxDocumentSize=16777216, logicalSessionTimeoutMinutes=30, roundTripTimeNanos=698247328, setName='atlas-11jhlv-shard-0', canonicalAddress=cluster0-shard-00-00.favgc.mongodb.net:27017, hosts=[cluster0-shard-00-02.favgc.mongodb.net:27017, cluster0-shard-00-01.favgc.mongodb.net:27017, cluster0-shard-00-00.favgc.mongodb.net:27017], passives=[], arbiters=[], primary='cluster0-shard-00-01.favgc.mongodb.net:27017', tagSet=TagSet{[Tag{name='nodeType', value='ELECTABLE'}, Tag{name='provider', value='AWS'}, Tag{name='region', value='US_EAST_1'}, Tag{name='workloadType', value='OPERATIONAL'}]}, electionId=null, setVersion=11, topologyVersion=TopologyVersion{processId=62a76de4a28a2e4f5372256e, counter=4}, lastWriteDate=Tue Jun 14 16:09:53 UTC 2022, lastUpdateTimeNanos=155376438317}
2022-06-14 16:09:54.154  INFO 906 --- [ngodb.net:27017] org.mongodb.driver.cluster               : Monitor thread successfully connected to server with description ServerDescription{address=cluster0-shard-00-01.favgc.mongodb.net:27017, type=REPLICA_SET_PRIMARY, state=CONNECTED, ok=true, minWireVersion=0, maxWireVersion=13, maxDocumentSize=16777216, logicalSessionTimeoutMinutes=30, roundTripTimeNanos=709551506, setName='atlas-11jhlv-shard-0', canonicalAddress=cluster0-shard-00-01.favgc.mongodb.net:27017, hosts=[cluster0-shard-00-02.favgc.mongodb.net:27017, cluster0-shard-00-01.favgc.mongodb.net:27017, cluster0-shard-00-00.favgc.mongodb.net:27017], passives=[], arbiters=[], primary='cluster0-shard-00-01.favgc.mongodb.net:27017', tagSet=TagSet{[Tag{name='nodeType', value='ELECTABLE'}, Tag{name='provider', value='AWS'}, Tag{name='region', value='US_EAST_1'}, Tag{name='workloadType', value='OPERATIONAL'}]}, electionId=7fffffff000000000000008f, setVersion=11, topologyVersion=TopologyVersion{processId=62a76e544e9aad04d727c384, counter=6}, lastWriteDate=Tue Jun 14 16:09:53 UTC 2022, lastUpdateTimeNanos=155387476286}
2022-06-14 16:09:54.154  INFO 906 --- [ngodb.net:27017] org.mongodb.driver.cluster               : Monitor thread successfully connected to server with description ServerDescription{address=cluster0-shard-00-02.favgc.mongodb.net:27017, type=REPLICA_SET_SECONDARY, state=CONNECTED, ok=true, minWireVersion=0, maxWireVersion=13, maxDocumentSize=16777216, logicalSessionTimeoutMinutes=30, roundTripTimeNanos=708096202, setName='atlas-11jhlv-shard-0', canonicalAddress=cluster0-shard-00-02.favgc.mongodb.net:27017, hosts=[cluster0-shard-00-02.favgc.mongodb.net:27017, cluster0-shard-00-01.favgc.mongodb.net:27017, cluster0-shard-00-00.favgc.mongodb.net:27017], passives=[], arbiters=[], primary='cluster0-shard-00-01.favgc.mongodb.net:27017', tagSet=TagSet{[Tag{name='nodeType', value='ELECTABLE'}, Tag{name='provider', value='AWS'}, Tag{name='region', value='US_EAST_1'}, Tag{name='workloadType', value='OPERATIONAL'}]}, electionId=null, setVersion=11, topologyVersion=TopologyVersion{processId=62a76ebd3400e4b4f23fb27a, counter=3}, lastWriteDate=Tue Jun 14 16:09:53 UTC 2022, lastUpdateTimeNanos=155386431514}
2022-06-14 16:09:54.164  INFO 906 --- [ngodb.net:27017] org.mongodb.driver.cluster               : Setting max election id to 7fffffff000000000000008f from replica set primary cluster0-shard-00-01.favgc.mongodb.net:27017
2022-06-14 16:09:54.164  INFO 906 --- [ngodb.net:27017] org.mongodb.driver.cluster               : Setting max set version to 11 from replica set primary cluster0-shard-00-01.favgc.mongodb.net:27017
2022-06-14 16:09:54.164  INFO 906 --- [ngodb.net:27017] org.mongodb.driver.cluster               : Discovered replica set primary cluster0-shard-00-01.favgc.mongodb.net:27017
2022-06-14 16:09:55.096  INFO 906 --- [           main] o.s.b.w.embedded.tomcat.TomcatWebServer  : Tomcat started on port(s): 8080 (http) with context path ''
2022-06-14 16:09:55.122  INFO 906 --- [           main] c.s.m.Mongoproject2Application           : Started Mongoproject2Application in 7.764 seconds (JVM running for 9.085)
2022-06-14 16:10:03.743  INFO 906 --- [nio-8080-exec-1] o.a.c.c.C.[Tomcat].[localhost].[/]       : Initializing Spring DispatcherServlet 'dispatcherServlet'
2022-06-14 16:10:03.745  INFO 906 --- [nio-8080-exec-1] o.s.web.servlet.DispatcherServlet        : Initializing Servlet 'dispatcherServlet'
2022-06-14 16:10:03.748  INFO 906 --- [nio-8080-exec-1] o.s.web.servlet.DispatcherServlet        : Completed initialization in 3 ms
2022-06-14 16:10:04.140  INFO 906 --- [nio-8080-exec-1] org.mongodb.driver.connection            : Opened connection [connectionId{localValue:7, serverValue:29889}] to cluster0-shard-00-01.favgc.mongodb.net:27017

  .   ____          _            __ _ _
 /\\ / ___'_ __ _ _(_)_ __  __ _ \ \ \ \
( ( )\___ | '_ | '_| | '_ \/ _` | \ \ \ \
 \\/  ___)| |_)| | | | | || (_| |  ) ) ) )
  '  |____| .__|_| |_|_| |_\__, | / / / /
 =========|_|==============|___/=/_/_/_/
 :: Spring Boot ::                (v2.7.0)

2022-06-14 16:10:22.137  INFO 947 --- [           main] c.s.m.Mongoproject2Application           : Starting Mongoproject2Application v0.0.1-SNAPSHOT using Java 11.0.15 on ip-172-31-36-222 with PID 947 (/home/ubuntu/server-klinik-java-spring/mongoproject2-0.0.1-SNAPSHOT.jar started by ubuntu in /home/ubuntu/server-klinik-java-spring)
2022-06-14 16:10:22.148  INFO 947 --- [           main] c.s.m.Mongoproject2Application           : No active profile set, falling back to 1 default profile: "default"
2022-06-14 16:10:23.647  INFO 947 --- [           main] .s.d.r.c.RepositoryConfigurationDelegate : Bootstrapping Spring Data MongoDB repositories in DEFAULT mode.
2022-06-14 16:10:23.750  INFO 947 --- [           main] .s.d.r.c.RepositoryConfigurationDelegate : Finished Spring Data repository scanning in 91 ms. Found 1 MongoDB repository interfaces.
2022-06-14 16:10:24.855  INFO 947 --- [           main] o.s.b.w.embedded.tomcat.TomcatWebServer  : Tomcat initialized with port(s): 8080 (http)
2022-06-14 16:10:25.075  INFO 947 --- [           main] w.s.c.ServletWebServerApplicationContext : Root WebApplicationContext: initialization completed in 2805 ms
2022-06-14 16:10:26.032  INFO 947 --- [vgc.mongodb.net] org.mongodb.driver.cluster               : Adding discovered server cluster0-shard-00-02.favgc.mongodb.net:27017 to client view of cluster
2022-06-14 16:10:26.088  INFO 947 --- [           main] org.mongodb.driver.client                : MongoClient with metadata {"driver": {"name": "mongo-java-driver|sync|spring-boot", "version": "4.6.0"}, "os": {"type": "Linux", "name": "Linux", "architecture": "amd64", "version": "5.13.0-1022-aws"}, "platform": "Java/Private Build/11.0.15+10-Ubuntu-0ubuntu0.20.04.1"} created with settings MongoClientSettings{readPreference=primary, writeConcern=WriteConcern{w=majority, wTimeout=null ms, journal=null}, retryWrites=true, retryReads=true, readConcern=ReadConcern{level=null}, credential=MongoCredential{mechanism=null, userName='aamuzakii', source='admin', password=<hidden>, mechanismProperties=<hidden>}, streamFactoryFactory=null, commandListeners=[], codecRegistry=ProvidersCodecRegistry{codecProviders=[ValueCodecProvider{}, BsonValueCodecProvider{}, DBRefCodecProvider{}, DBObjectCodecProvider{}, DocumentCodecProvider{}, IterableCodecProvider{}, MapCodecProvider{}, GeoJsonCodecProvider{}, GridFSFileCodecProvider{}, Jsr310CodecProvider{}, JsonObjectCodecProvider{}, BsonCodecProvider{}, EnumCodecProvider{}, com.mongodb.Jep395RecordCodecProvider@f73dcd6]}, clusterSettings={hosts=[127.0.0.1:27017], srvHost=cluster0.favgc.mongodb.net, srvServiceName=mongodb, mode=MULTIPLE, requiredClusterType=REPLICA_SET, requiredReplicaSetName='atlas-11jhlv-shard-0', serverSelector='null', clusterListeners='[]', serverSelectionTimeout='30000 ms', localThreshold='30000 ms'}, socketSettings=SocketSettings{connectTimeoutMS=10000, readTimeoutMS=0, receiveBufferSize=0, sendBufferSize=0}, heartbeatSocketSettings=SocketSettings{connectTimeoutMS=10000, readTimeoutMS=10000, receiveBufferSize=0, sendBufferSize=0}, connectionPoolSettings=ConnectionPoolSettings{maxSize=100, minSize=0, maxWaitTimeMS=120000, maxConnectionLifeTimeMS=0, maxConnectionIdleTimeMS=0, maintenanceInitialDelayMS=0, maintenanceFrequencyMS=60000, connectionPoolListeners=[], maxConnecting=2}, serverSettings=ServerSettings{heartbeatFrequencyMS=10000, minHeartbeatFrequencyMS=500, serverListeners='[]', serverMonitorListeners='[]'}, sslSettings=SslSettings{enabled=true, invalidHostNameAllowed=false, context=null}, applicationName='null', compressorList=[], uuidRepresentation=JAVA_LEGACY, serverApi=null, autoEncryptionSettings=null, contextProvider=null}
2022-06-14 16:10:26.132  INFO 947 --- [vgc.mongodb.net] org.mongodb.driver.cluster               : Adding discovered server cluster0-shard-00-00.favgc.mongodb.net:27017 to client view of cluster
2022-06-14 16:10:26.148  INFO 947 --- [vgc.mongodb.net] org.mongodb.driver.cluster               : Adding discovered server cluster0-shard-00-01.favgc.mongodb.net:27017 to client view of cluster

  .   ____          _            __ _ _
 /\\ / ___'_ __ _ _(_)_ __  __ _ \ \ \ \
( ( )\___ | '_ | '_| | '_ \/ _` | \ \ \ \
 \\/  ___)| |_)| | | | | || (_| |  ) ) ) )
  '  |____| .__|_| |_|_| |_\__, | / / / /
 =========|_|==============|___/=/_/_/_/
 :: Spring Boot ::                (v2.7.0)

2022-06-14 16:10:38.213  INFO 975 --- [           main] c.s.m.Mongoproject2Application           : Starting Mongoproject2Application v0.0.1-SNAPSHOT using Java 11.0.15 on ip-172-31-36-222 with PID 975 (/home/ubuntu/server-klinik-java-spring/mongoproject2-0.0.1-SNAPSHOT.jar started by ubuntu in /home/ubuntu/server-klinik-java-spring)
2022-06-14 16:10:38.216  INFO 975 --- [           main] c.s.m.Mongoproject2Application           : No active profile set, falling back to 1 default profile: "default"
2022-06-14 16:10:39.696  INFO 975 --- [           main] .s.d.r.c.RepositoryConfigurationDelegate : Bootstrapping Spring Data MongoDB repositories in DEFAULT mode.
2022-06-14 16:10:39.778  INFO 975 --- [           main] .s.d.r.c.RepositoryConfigurationDelegate : Finished Spring Data repository scanning in 74 ms. Found 1 MongoDB repository interfaces.
2022-06-14 16:10:40.954  INFO 975 --- [           main] o.s.b.w.embedded.tomcat.TomcatWebServer  : Tomcat initialized with port(s): 8080 (http)
2022-06-14 16:10:40.983  INFO 975 --- [           main] o.apache.catalina.core.StandardService   : Starting service [Tomcat]
2022-06-14 16:10:40.984  INFO 975 --- [           main] org.apache.catalina.core.StandardEngine  : Starting Servlet engine: [Apache Tomcat/9.0.63]
2022-06-14 16:10:41.187  INFO 975 --- [           main] o.a.c.c.C.[Tomcat].[localhost].[/]       : Initializing Spring embedded WebApplicationContext
2022-06-14 16:10:41.187  INFO 975 --- [           main] w.s.c.ServletWebServerApplicationContext : Root WebApplicationContext: initialization completed in 2851 ms
2022-06-14 16:10:42.157  INFO 975 --- [vgc.mongodb.net] org.mongodb.driver.cluster               : Adding discovered server cluster0-shard-00-02.favgc.mongodb.net:27017 to client view of cluster
2022-06-14 16:10:42.198  INFO 975 --- [           main] org.mongodb.driver.client                : MongoClient with metadata {"driver": {"name": "mongo-java-driver|sync|spring-boot", "version": "4.6.0"}, "os": {"type": "Linux", "name": "Linux", "architecture": "amd64", "version": "5.13.0-1022-aws"}, "platform": "Java/Private Build/11.0.15+10-Ubuntu-0ubuntu0.20.04.1"} created with settings MongoClientSettings{readPreference=primary, writeConcern=WriteConcern{w=majority, wTimeout=null ms, journal=null}, retryWrites=true, retryReads=true, readConcern=ReadConcern{level=null}, credential=MongoCredential{mechanism=null, userName='aamuzakii', source='admin', password=<hidden>, mechanismProperties=<hidden>}, streamFactoryFactory=null, commandListeners=[], codecRegistry=ProvidersCodecRegistry{codecProviders=[ValueCodecProvider{}, BsonValueCodecProvider{}, DBRefCodecProvider{}, DBObjectCodecProvider{}, DocumentCodecProvider{}, IterableCodecProvider{}, MapCodecProvider{}, GeoJsonCodecProvider{}, GridFSFileCodecProvider{}, Jsr310CodecProvider{}, JsonObjectCodecProvider{}, BsonCodecProvider{}, EnumCodecProvider{}, com.mongodb.Jep395RecordCodecProvider@5c87bfe2]}, clusterSettings={hosts=[127.0.0.1:27017], srvHost=cluster0.favgc.mongodb.net, srvServiceName=mongodb, mode=MULTIPLE, requiredClusterType=REPLICA_SET, requiredReplicaSetName='atlas-11jhlv-shard-0', serverSelector='null', clusterListeners='[]', serverSelectionTimeout='30000 ms', localThreshold='30000 ms'}, socketSettings=SocketSettings{connectTimeoutMS=10000, readTimeoutMS=0, receiveBufferSize=0, sendBufferSize=0}, heartbeatSocketSettings=SocketSettings{connectTimeoutMS=10000, readTimeoutMS=10000, receiveBufferSize=0, sendBufferSize=0}, connectionPoolSettings=ConnectionPoolSettings{maxSize=100, minSize=0, maxWaitTimeMS=120000, maxConnectionLifeTimeMS=0, maxConnectionIdleTimeMS=0, maintenanceInitialDelayMS=0, maintenanceFrequencyMS=60000, connectionPoolListeners=[], maxConnecting=2}, serverSettings=ServerSettings{heartbeatFrequencyMS=10000, minHeartbeatFrequencyMS=500, serverListeners='[]', serverMonitorListeners='[]'}, sslSettings=SslSettings{enabled=true, invalidHostNameAllowed=false, context=null}, applicationName='null', compressorList=[], uuidRepresentation=JAVA_LEGACY, serverApi=null, autoEncryptionSettings=null, contextProvider=null}
2022-06-14 16:10:42.246  INFO 975 --- [vgc.mongodb.net] org.mongodb.driver.cluster               : Adding discovered server cluster0-shard-00-00.favgc.mongodb.net:27017 to client view of cluster
2022-06-14 16:10:42.259  INFO 975 --- [vgc.mongodb.net] org.mongodb.driver.cluster               : Adding discovered server cluster0-shard-00-01.favgc.mongodb.net:27017 to client view of cluster
2022-06-14 16:10:43.395  INFO 975 --- [ngodb.net:27017] org.mongodb.driver.connection            : Opened connection [connectionId{localValue:1, serverValue:29483}] to cluster0-shard-00-02.favgc.mongodb.net:27017
2022-06-14 16:10:43.397  INFO 975 --- [ngodb.net:27017] org.mongodb.driver.connection            : Opened connection [connectionId{localValue:6, serverValue:29483}] to cluster0-shard-00-02.favgc.mongodb.net:27017
2022-06-14 16:10:43.401  INFO 975 --- [ngodb.net:27017] org.mongodb.driver.connection            : Opened connection [connectionId{localValue:4, serverValue:29278}] to cluster0-shard-00-00.favgc.mongodb.net:27017
2022-06-14 16:10:43.402  INFO 975 --- [ngodb.net:27017] org.mongodb.driver.connection            : Opened connection [connectionId{localValue:3, serverValue:29713}] to cluster0-shard-00-01.favgc.mongodb.net:27017
2022-06-14 16:10:43.403  INFO 975 --- [ngodb.net:27017] org.mongodb.driver.cluster               : Monitor thread successfully connected to server with description ServerDescription{address=cluster0-shard-00-01.favgc.mongodb.net:27017, type=REPLICA_SET_PRIMARY, state=CONNECTED, ok=true, minWireVersion=0, maxWireVersion=13, maxDocumentSize=16777216, logicalSessionTimeoutMinutes=30, roundTripTimeNanos=664777666, setName='atlas-11jhlv-shard-0', canonicalAddress=cluster0-shard-00-01.favgc.mongodb.net:27017, hosts=[cluster0-shard-00-02.favgc.mongodb.net:27017, cluster0-shard-00-01.favgc.mongodb.net:27017, cluster0-shard-00-00.favgc.mongodb.net:27017], passives=[], arbiters=[], primary='cluster0-shard-00-01.favgc.mongodb.net:27017', tagSet=TagSet{[Tag{name='nodeType', value='ELECTABLE'}, Tag{name='provider', value='AWS'}, Tag{name='region', value='US_EAST_1'}, Tag{name='workloadType', value='OPERATIONAL'}]}, electionId=7fffffff000000000000008f, setVersion=11, topologyVersion=TopologyVersion{processId=62a76e544e9aad04d727c384, counter=6}, lastWriteDate=Tue Jun 14 16:10:43 UTC 2022, lastUpdateTimeNanos=204645267757}
2022-06-14 16:10:43.420  INFO 975 --- [ngodb.net:27017] org.mongodb.driver.cluster               : Setting max election id to 7fffffff000000000000008f from replica set primary cluster0-shard-00-01.favgc.mongodb.net:27017
2022-06-14 16:10:43.420  INFO 975 --- [ngodb.net:27017] org.mongodb.driver.cluster               : Setting max set version to 11 from replica set primary cluster0-shard-00-01.favgc.mongodb.net:27017
2022-06-14 16:10:43.420  INFO 975 --- [ngodb.net:27017] org.mongodb.driver.cluster               : Discovered replica set primary cluster0-shard-00-01.favgc.mongodb.net:27017
2022-06-14 16:10:43.424  INFO 975 --- [ngodb.net:27017] org.mongodb.driver.connection            : Opened connection [connectionId{localValue:5, serverValue:29278}] to cluster0-shard-00-00.favgc.mongodb.net:27017
2022-06-14 16:10:43.431  INFO 975 --- [ngodb.net:27017] org.mongodb.driver.connection            : Opened connection [connectionId{localValue:2, serverValue:29713}] to cluster0-shard-00-01.favgc.mongodb.net:27017
2022-06-14 16:10:43.432  INFO 975 --- [ngodb.net:27017] org.mongodb.driver.cluster               : Monitor thread successfully connected to server with description ServerDescription{address=cluster0-shard-00-02.favgc.mongodb.net:27017, type=REPLICA_SET_SECONDARY, state=CONNECTED, ok=true, minWireVersion=0, maxWireVersion=13, maxDocumentSize=16777216, logicalSessionTimeoutMinutes=30, roundTripTimeNanos=642100816, setName='atlas-11jhlv-shard-0', canonicalAddress=cluster0-shard-00-02.favgc.mongodb.net:27017, hosts=[cluster0-shard-00-02.favgc.mongodb.net:27017, cluster0-shard-00-01.favgc.mongodb.net:27017, cluster0-shard-00-00.favgc.mongodb.net:27017], passives=[], arbiters=[], primary='cluster0-shard-00-01.favgc.mongodb.net:27017', tagSet=TagSet{[Tag{name='nodeType', value='ELECTABLE'}, Tag{name='provider', value='AWS'}, Tag{name='region', value='US_EAST_1'}, Tag{name='workloadType', value='OPERATIONAL'}]}, electionId=null, setVersion=11, topologyVersion=TopologyVersion{processId=62a76ebd3400e4b4f23fb27a, counter=3}, lastWriteDate=Tue Jun 14 16:10:43 UTC 2022, lastUpdateTimeNanos=204636524608}
2022-06-14 16:10:43.435  INFO 975 --- [ngodb.net:27017] org.mongodb.driver.cluster               : Monitor thread successfully connected to server with description ServerDescription{address=cluster0-shard-00-00.favgc.mongodb.net:27017, type=REPLICA_SET_SECONDARY, state=CONNECTED, ok=true, minWireVersion=0, maxWireVersion=13, maxDocumentSize=16777216, logicalSessionTimeoutMinutes=30, roundTripTimeNanos=686485566, setName='atlas-11jhlv-shard-0', canonicalAddress=cluster0-shard-00-00.favgc.mongodb.net:27017, hosts=[cluster0-shard-00-02.favgc.mongodb.net:27017, cluster0-shard-00-01.favgc.mongodb.net:27017, cluster0-shard-00-00.favgc.mongodb.net:27017], passives=[], arbiters=[], primary='cluster0-shard-00-01.favgc.mongodb.net:27017', tagSet=TagSet{[Tag{name='nodeType', value='ELECTABLE'}, Tag{name='provider', value='AWS'}, Tag{name='region', value='US_EAST_1'}, Tag{name='workloadType', value='OPERATIONAL'}]}, electionId=null, setVersion=11, topologyVersion=TopologyVersion{processId=62a76de4a28a2e4f5372256e, counter=4}, lastWriteDate=Tue Jun 14 16:10:43 UTC 2022, lastUpdateTimeNanos=204667036832}
2022-06-14 16:10:44.428  INFO 975 --- [           main] o.s.b.w.embedded.tomcat.TomcatWebServer  : Tomcat started on port(s): 8080 (http) with context path ''
2022-06-14 16:10:44.457  INFO 975 --- [           main] c.s.m.Mongoproject2Application           : Started Mongoproject2Application in 7.41 seconds (JVM running for 8.402)

  .   ____          _            __ _ _
 /\\ / ___'_ __ _ _(_)_ __  __ _ \ \ \ \
( ( )\___ | '_ | '_| | '_ \/ _` | \ \ \ \
 \\/  ___)| |_)| | | | | || (_| |  ) ) ) )
  '  |____| .__|_| |_|_| |_\__, | / / / /
 =========|_|==============|___/=/_/_/_/
 :: Spring Boot ::                (v2.7.0)

2022-06-14 16:11:02.328  INFO 1024 --- [           main] c.s.m.Mongoproject2Application           : Starting Mongoproject2Application v0.0.1-SNAPSHOT using Java 11.0.15 on ip-172-31-36-222 with PID 1024 (/home/ubuntu/server-klinik-java-spring/mongoproject2-0.0.1-SNAPSHOT.jar started by ubuntu in /home/ubuntu/server-klinik-java-spring)
2022-06-14 16:11:02.335  INFO 1024 --- [           main] c.s.m.Mongoproject2Application           : No active profile set, falling back to 1 default profile: "default"
2022-06-14 16:11:03.776  INFO 1024 --- [           main] .s.d.r.c.RepositoryConfigurationDelegate : Bootstrapping Spring Data MongoDB repositories in DEFAULT mode.
2022-06-14 16:11:03.865  INFO 1024 --- [           main] .s.d.r.c.RepositoryConfigurationDelegate : Finished Spring Data repository scanning in 81 ms. Found 1 MongoDB repository interfaces.
2022-06-14 16:11:04.973  INFO 1024 --- [           main] o.s.b.w.embedded.tomcat.TomcatWebServer  : Tomcat initialized with port(s): 8080 (http)
2022-06-14 16:11:05.003  INFO 1024 --- [           main] o.apache.catalina.core.StandardService   : Starting service [Tomcat]
2022-06-14 16:11:05.004  INFO 1024 --- [           main] org.apache.catalina.core.StandardEngine  : Starting Servlet engine: [Apache Tomcat/9.0.63]
2022-06-14 16:11:05.196  INFO 1024 --- [           main] o.a.c.c.C.[Tomcat].[localhost].[/]       : Initializing Spring embedded WebApplicationContext
2022-06-14 16:11:05.196  INFO 1024 --- [           main] w.s.c.ServletWebServerApplicationContext : Root WebApplicationContext: initialization completed in 2743 ms
2022-06-14 16:11:06.153  INFO 1024 --- [vgc.mongodb.net] org.mongodb.driver.cluster               : Adding discovered server cluster0-shard-00-02.favgc.mongodb.net:27017 to client view of cluster
2022-06-14 16:11:06.204  INFO 1024 --- [           main] org.mongodb.driver.client                : MongoClient with metadata {"driver": {"name": "mongo-java-driver|sync|spring-boot", "version": "4.6.0"}, "os": {"type": "Linux", "name": "Linux", "architecture": "amd64", "version": "5.13.0-1022-aws"}, "platform": "Java/Private Build/11.0.15+10-Ubuntu-0ubuntu0.20.04.1"} created with settings MongoClientSettings{readPreference=primary, writeConcern=WriteConcern{w=majority, wTimeout=null ms, journal=null}, retryWrites=true, retryReads=true, readConcern=ReadConcern{level=null}, credential=MongoCredential{mechanism=null, userName='aamuzakii', source='admin', password=<hidden>, mechanismProperties=<hidden>}, streamFactoryFactory=null, commandListeners=[], codecRegistry=ProvidersCodecRegistry{codecProviders=[ValueCodecProvider{}, BsonValueCodecProvider{}, DBRefCodecProvider{}, DBObjectCodecProvider{}, DocumentCodecProvider{}, IterableCodecProvider{}, MapCodecProvider{}, GeoJsonCodecProvider{}, GridFSFileCodecProvider{}, Jsr310CodecProvider{}, JsonObjectCodecProvider{}, BsonCodecProvider{}, EnumCodecProvider{}, com.mongodb.Jep395RecordCodecProvider@5c87bfe2]}, clusterSettings={hosts=[127.0.0.1:27017], srvHost=cluster0.favgc.mongodb.net, srvServiceName=mongodb, mode=MULTIPLE, requiredClusterType=REPLICA_SET, requiredReplicaSetName='atlas-11jhlv-shard-0', serverSelector='null', clusterListeners='[]', serverSelectionTimeout='30000 ms', localThreshold='30000 ms'}, socketSettings=SocketSettings{connectTimeoutMS=10000, readTimeoutMS=0, receiveBufferSize=0, sendBufferSize=0}, heartbeatSocketSettings=SocketSettings{connectTimeoutMS=10000, readTimeoutMS=10000, receiveBufferSize=0, sendBufferSize=0}, connectionPoolSettings=ConnectionPoolSettings{maxSize=100, minSize=0, maxWaitTimeMS=120000, maxConnectionLifeTimeMS=0, maxConnectionIdleTimeMS=0, maintenanceInitialDelayMS=0, maintenanceFrequencyMS=60000, connectionPoolListeners=[], maxConnecting=2}, serverSettings=ServerSettings{heartbeatFrequencyMS=10000, minHeartbeatFrequencyMS=500, serverListeners='[]', serverMonitorListeners='[]'}, sslSettings=SslSettings{enabled=true, invalidHostNameAllowed=false, context=null}, applicationName='null', compressorList=[], uuidRepresentation=JAVA_LEGACY, serverApi=null, autoEncryptionSettings=null, contextProvider=null}
2022-06-14 16:11:06.237  INFO 1024 --- [vgc.mongodb.net] org.mongodb.driver.cluster               : Adding discovered server cluster0-shard-00-00.favgc.mongodb.net:27017 to client view of cluster
2022-06-14 16:11:06.259  INFO 1024 --- [vgc.mongodb.net] org.mongodb.driver.cluster               : Adding discovered server cluster0-shard-00-01.favgc.mongodb.net:27017 to client view of cluster
2022-06-14 16:11:07.479  INFO 1024 --- [ngodb.net:27017] org.mongodb.driver.connection            : Opened connection [connectionId{localValue:4, serverValue:29289}] to cluster0-shard-00-00.favgc.mongodb.net:27017
2022-06-14 16:11:07.480  INFO 1024 --- [ngodb.net:27017] org.mongodb.driver.connection            : Opened connection [connectionId{localValue:3, serverValue:29289}] to cluster0-shard-00-00.favgc.mongodb.net:27017
2022-06-14 16:11:07.480  INFO 1024 --- [ngodb.net:27017] org.mongodb.driver.cluster               : Monitor thread successfully connected to server with description ServerDescription{address=cluster0-shard-00-00.favgc.mongodb.net:27017, type=REPLICA_SET_SECONDARY, state=CONNECTED, ok=true, minWireVersion=0, maxWireVersion=13, maxDocumentSize=16777216, logicalSessionTimeoutMinutes=30, roundTripTimeNanos=641648608, setName='atlas-11jhlv-shard-0', canonicalAddress=cluster0-shard-00-00.favgc.mongodb.net:27017, hosts=[cluster0-shard-00-02.favgc.mongodb.net:27017, cluster0-shard-00-01.favgc.mongodb.net:27017, cluster0-shard-00-00.favgc.mongodb.net:27017], passives=[], arbiters=[], primary='cluster0-shard-00-01.favgc.mongodb.net:27017', tagSet=TagSet{[Tag{name='nodeType', value='ELECTABLE'}, Tag{name='provider', value='AWS'}, Tag{name='region', value='US_EAST_1'}, Tag{name='workloadType', value='OPERATIONAL'}]}, electionId=null, setVersion=11, topologyVersion=TopologyVersion{processId=62a76de4a28a2e4f5372256e, counter=4}, lastWriteDate=Tue Jun 14 16:11:07 UTC 2022, lastUpdateTimeNanos=228715593645}
2022-06-14 16:11:07.483  INFO 1024 --- [ngodb.net:27017] org.mongodb.driver.connection            : Opened connection [connectionId{localValue:1, serverValue:29496}] to cluster0-shard-00-02.favgc.mongodb.net:27017
2022-06-14 16:11:07.483  INFO 1024 --- [ngodb.net:27017] org.mongodb.driver.connection            : Opened connection [connectionId{localValue:2, serverValue:29496}] to cluster0-shard-00-02.favgc.mongodb.net:27017
2022-06-14 16:11:07.483  INFO 1024 --- [ngodb.net:27017] org.mongodb.driver.connection            : Opened connection [connectionId{localValue:6, serverValue:29923}] to cluster0-shard-00-01.favgc.mongodb.net:27017
2022-06-14 16:11:07.483  INFO 1024 --- [ngodb.net:27017] org.mongodb.driver.connection            : Opened connection [connectionId{localValue:5, serverValue:29923}] to cluster0-shard-00-01.favgc.mongodb.net:27017
2022-06-14 16:11:07.499  INFO 1024 --- [ngodb.net:27017] org.mongodb.driver.cluster               : Monitor thread successfully connected to server with description ServerDescription{address=cluster0-shard-00-02.favgc.mongodb.net:27017, type=REPLICA_SET_SECONDARY, state=CONNECTED, ok=true, minWireVersion=0, maxWireVersion=13, maxDocumentSize=16777216, logicalSessionTimeoutMinutes=30, roundTripTimeNanos=635925787, setName='atlas-11jhlv-shard-0', canonicalAddress=cluster0-shard-00-02.favgc.mongodb.net:27017, hosts=[cluster0-shard-00-02.favgc.mongodb.net:27017, cluster0-shard-00-01.favgc.mongodb.net:27017, cluster0-shard-00-00.favgc.mongodb.net:27017], passives=[], arbiters=[], primary='cluster0-shard-00-01.favgc.mongodb.net:27017', tagSet=TagSet{[Tag{name='nodeType', value='ELECTABLE'}, Tag{name='provider', value='AWS'}, Tag{name='region', value='US_EAST_1'}, Tag{name='workloadType', value='OPERATIONAL'}]}, electionId=null, setVersion=11, topologyVersion=TopologyVersion{processId=62a76ebd3400e4b4f23fb27a, counter=3}, lastWriteDate=Tue Jun 14 16:11:07 UTC 2022, lastUpdateTimeNanos=228709796125}
2022-06-14 16:11:07.500  INFO 1024 --- [ngodb.net:27017] org.mongodb.driver.cluster               : Monitor thread successfully connected to server with description ServerDescription{address=cluster0-shard-00-01.favgc.mongodb.net:27017, type=REPLICA_SET_PRIMARY, state=CONNECTED, ok=true, minWireVersion=0, maxWireVersion=13, maxDocumentSize=16777216, logicalSessionTimeoutMinutes=30, roundTripTimeNanos=637761441, setName='atlas-11jhlv-shard-0', canonicalAddress=cluster0-shard-00-01.favgc.mongodb.net:27017, hosts=[cluster0-shard-00-02.favgc.mongodb.net:27017, cluster0-shard-00-01.favgc.mongodb.net:27017, cluster0-shard-00-00.favgc.mongodb.net:27017], passives=[], arbiters=[], primary='cluster0-shard-00-01.favgc.mongodb.net:27017', tagSet=TagSet{[Tag{name='nodeType', value='ELECTABLE'}, Tag{name='provider', value='AWS'}, Tag{name='region', value='US_EAST_1'}, Tag{name='workloadType', value='OPERATIONAL'}]}, electionId=7fffffff000000000000008f, setVersion=11, topologyVersion=TopologyVersion{processId=62a76e544e9aad04d727c384, counter=6}, lastWriteDate=Tue Jun 14 16:11:07 UTC 2022, lastUpdateTimeNanos=228711581813}
2022-06-14 16:11:07.507  INFO 1024 --- [ngodb.net:27017] org.mongodb.driver.cluster               : Setting max election id to 7fffffff000000000000008f from replica set primary cluster0-shard-00-01.favgc.mongodb.net:27017
2022-06-14 16:11:07.507  INFO 1024 --- [ngodb.net:27017] org.mongodb.driver.cluster               : Setting max set version to 11 from replica set primary cluster0-shard-00-01.favgc.mongodb.net:27017
2022-06-14 16:11:07.508  INFO 1024 --- [ngodb.net:27017] org.mongodb.driver.cluster               : Discovered replica set primary cluster0-shard-00-01.favgc.mongodb.net:27017
2022-06-14 16:11:08.448  INFO 1024 --- [           main] o.s.b.w.embedded.tomcat.TomcatWebServer  : Tomcat started on port(s): 8080 (http) with context path ''
2022-06-14 16:11:08.472  INFO 1024 --- [           main] c.s.m.Mongoproject2Application           : Started Mongoproject2Application in 7.319 seconds (JVM running for 8.297)
2022-06-14 16:11:08.916  INFO 1024 --- [nio-8080-exec-1] o.a.c.c.C.[Tomcat].[localhost].[/]       : Initializing Spring DispatcherServlet 'dispatcherServlet'
2022-06-14 16:11:08.917  INFO 1024 --- [nio-8080-exec-1] o.s.web.servlet.DispatcherServlet        : Initializing Servlet 'dispatcherServlet'
2022-06-14 16:11:08.924  INFO 1024 --- [nio-8080-exec-1] o.s.web.servlet.DispatcherServlet        : Completed initialization in 5 ms
2022-06-14 16:11:09.309  INFO 1024 --- [nio-8080-exec-1] org.mongodb.driver.connection            : Opened connection [connectionId{localValue:7, serverValue:29883}] to cluster0-shard-00-01.favgc.mongodb.net:27017

  .   ____          _            __ _ _
 /\\ / ___'_ __ _ _(_)_ __  __ _ \ \ \ \
( ( )\___ | '_ | '_| | '_ \/ _` | \ \ \ \
 \\/  ___)| |_)| | | | | || (_| |  ) ) ) )
  '  |____| .__|_| |_|_| |_\__, | / / / /
 =========|_|==============|___/=/_/_/_/
 :: Spring Boot ::                (v2.7.0)

2022-06-14 16:11:37.720  INFO 1065 --- [           main] c.s.m.Mongoproject2Application           : Starting Mongoproject2Application v0.0.1-SNAPSHOT using Java 11.0.15 on ip-172-31-36-222 with PID 1065 (/home/ubuntu/server-klinik-java-spring/mongoproject2-0.0.1-SNAPSHOT.jar started by ubuntu in /home/ubuntu/server-klinik-java-spring)
2022-06-14 16:11:37.723  INFO 1065 --- [           main] c.s.m.Mongoproject2Application           : No active profile set, falling back to 1 default profile: "default"
2022-06-14 16:11:39.216  INFO 1065 --- [           main] .s.d.r.c.RepositoryConfigurationDelegate : Bootstrapping Spring Data MongoDB repositories in DEFAULT mode.
2022-06-14 16:11:39.320  INFO 1065 --- [           main] .s.d.r.c.RepositoryConfigurationDelegate : Finished Spring Data repository scanning in 92 ms. Found 1 MongoDB repository interfaces.
2022-06-14 16:11:40.488  INFO 1065 --- [           main] o.s.b.w.embedded.tomcat.TomcatWebServer  : Tomcat initialized with port(s): 8080 (http)
2022-06-14 16:11:40.512  INFO 1065 --- [           main] o.apache.catalina.core.StandardService   : Starting service [Tomcat]
2022-06-14 16:11:40.512  INFO 1065 --- [           main] org.apache.catalina.core.StandardEngine  : Starting Servlet engine: [Apache Tomcat/9.0.63]
2022-06-14 16:11:40.702  INFO 1065 --- [           main] o.a.c.c.C.[Tomcat].[localhost].[/]       : Initializing Spring embedded WebApplicationContext
2022-06-14 16:11:40.702  INFO 1065 --- [           main] w.s.c.ServletWebServerApplicationContext : Root WebApplicationContext: initialization completed in 2853 ms
2022-06-14 16:11:41.622  INFO 1065 --- [vgc.mongodb.net] org.mongodb.driver.cluster               : Adding discovered server cluster0-shard-00-02.favgc.mongodb.net:27017 to client view of cluster
2022-06-14 16:11:41.633  INFO 1065 --- [           main] org.mongodb.driver.client                : MongoClient with metadata {"driver": {"name": "mongo-java-driver|sync|spring-boot", "version": "4.6.0"}, "os": {"type": "Linux", "name": "Linux", "architecture": "amd64", "version": "5.13.0-1022-aws"}, "platform": "Java/Private Build/11.0.15+10-Ubuntu-0ubuntu0.20.04.1"} created with settings MongoClientSettings{readPreference=primary, writeConcern=WriteConcern{w=majority, wTimeout=null ms, journal=null}, retryWrites=true, retryReads=true, readConcern=ReadConcern{level=null}, credential=MongoCredential{mechanism=null, userName='aamuzakii', source='admin', password=<hidden>, mechanismProperties=<hidden>}, streamFactoryFactory=null, commandListeners=[], codecRegistry=ProvidersCodecRegistry{codecProviders=[ValueCodecProvider{}, BsonValueCodecProvider{}, DBRefCodecProvider{}, DBObjectCodecProvider{}, DocumentCodecProvider{}, IterableCodecProvider{}, MapCodecProvider{}, GeoJsonCodecProvider{}, GridFSFileCodecProvider{}, Jsr310CodecProvider{}, JsonObjectCodecProvider{}, BsonCodecProvider{}, EnumCodecProvider{}, com.mongodb.Jep395RecordCodecProvider@5c87bfe2]}, clusterSettings={hosts=[127.0.0.1:27017], srvHost=cluster0.favgc.mongodb.net, srvServiceName=mongodb, mode=MULTIPLE, requiredClusterType=REPLICA_SET, requiredReplicaSetName='atlas-11jhlv-shard-0', serverSelector='null', clusterListeners='[]', serverSelectionTimeout='30000 ms', localThreshold='30000 ms'}, socketSettings=SocketSettings{connectTimeoutMS=10000, readTimeoutMS=0, receiveBufferSize=0, sendBufferSize=0}, heartbeatSocketSettings=SocketSettings{connectTimeoutMS=10000, readTimeoutMS=10000, receiveBufferSize=0, sendBufferSize=0}, connectionPoolSettings=ConnectionPoolSettings{maxSize=100, minSize=0, maxWaitTimeMS=120000, maxConnectionLifeTimeMS=0, maxConnectionIdleTimeMS=0, maintenanceInitialDelayMS=0, maintenanceFrequencyMS=60000, connectionPoolListeners=[], maxConnecting=2}, serverSettings=ServerSettings{heartbeatFrequencyMS=10000, minHeartbeatFrequencyMS=500, serverListeners='[]', serverMonitorListeners='[]'}, sslSettings=SslSettings{enabled=true, invalidHostNameAllowed=false, context=null}, applicationName='null', compressorList=[], uuidRepresentation=JAVA_LEGACY, serverApi=null, autoEncryptionSettings=null, contextProvider=null}
2022-06-14 16:11:41.707  INFO 1065 --- [vgc.mongodb.net] org.mongodb.driver.cluster               : Adding discovered server cluster0-shard-00-00.favgc.mongodb.net:27017 to client view of cluster
2022-06-14 16:11:41.710  INFO 1065 --- [vgc.mongodb.net] org.mongodb.driver.cluster               : Adding discovered server cluster0-shard-00-01.favgc.mongodb.net:27017 to client view of cluster
2022-06-14 16:11:42.858  INFO 1065 --- [ngodb.net:27017] org.mongodb.driver.connection            : Opened connection [connectionId{localValue:3, serverValue:29293}] to cluster0-shard-00-00.favgc.mongodb.net:27017
2022-06-14 16:11:42.859  INFO 1065 --- [ngodb.net:27017] org.mongodb.driver.cluster               : Monitor thread successfully connected to server with description ServerDescription{address=cluster0-shard-00-00.favgc.mongodb.net:27017, type=REPLICA_SET_SECONDARY, state=CONNECTED, ok=true, minWireVersion=0, maxWireVersion=13, maxDocumentSize=16777216, logicalSessionTimeoutMinutes=30, roundTripTimeNanos=626506599, setName='atlas-11jhlv-shard-0', canonicalAddress=cluster0-shard-00-00.favgc.mongodb.net:27017, hosts=[cluster0-shard-00-02.favgc.mongodb.net:27017, cluster0-shard-00-01.favgc.mongodb.net:27017, cluster0-shard-00-00.favgc.mongodb.net:27017], passives=[], arbiters=[], primary='cluster0-shard-00-01.favgc.mongodb.net:27017', tagSet=TagSet{[Tag{name='nodeType', value='ELECTABLE'}, Tag{name='provider', value='AWS'}, Tag{name='region', value='US_EAST_1'}, Tag{name='workloadType', value='OPERATIONAL'}]}, electionId=null, setVersion=11, topologyVersion=TopologyVersion{processId=62a76de4a28a2e4f5372256e, counter=4}, lastWriteDate=Tue Jun 14 16:11:42 UTC 2022, lastUpdateTimeNanos=264100197479}
2022-06-14 16:11:42.860  INFO 1065 --- [ngodb.net:27017] org.mongodb.driver.connection            : Opened connection [connectionId{localValue:4, serverValue:29920}] to cluster0-shard-00-01.favgc.mongodb.net:27017
2022-06-14 16:11:42.868  INFO 1065 --- [ngodb.net:27017] org.mongodb.driver.cluster               : Monitor thread successfully connected to server with description ServerDescription{address=cluster0-shard-00-01.favgc.mongodb.net:27017, type=REPLICA_SET_PRIMARY, state=CONNECTED, ok=true, minWireVersion=0, maxWireVersion=13, maxDocumentSize=16777216, logicalSessionTimeoutMinutes=30, roundTripTimeNanos=629068263, setName='atlas-11jhlv-shard-0', canonicalAddress=cluster0-shard-00-01.favgc.mongodb.net:27017, hosts=[cluster0-shard-00-02.favgc.mongodb.net:27017, cluster0-shard-00-01.favgc.mongodb.net:27017, cluster0-shard-00-00.favgc.mongodb.net:27017], passives=[], arbiters=[], primary='cluster0-shard-00-01.favgc.mongodb.net:27017', tagSet=TagSet{[Tag{name='nodeType', value='ELECTABLE'}, Tag{name='provider', value='AWS'}, Tag{name='region', value='US_EAST_1'}, Tag{name='workloadType', value='OPERATIONAL'}]}, electionId=7fffffff000000000000008f, setVersion=11, topologyVersion=TopologyVersion{processId=62a76e544e9aad04d727c384, counter=6}, lastWriteDate=Tue Jun 14 16:11:42 UTC 2022, lastUpdateTimeNanos=264102702814}
2022-06-14 16:11:42.860  INFO 1065 --- [ngodb.net:27017] org.mongodb.driver.connection            : Opened connection [connectionId{localValue:6, serverValue:29507}] to cluster0-shard-00-02.favgc.mongodb.net:27017
2022-06-14 16:11:42.869  INFO 1065 --- [ngodb.net:27017] org.mongodb.driver.cluster               : Monitor thread successfully connected to server with description ServerDescription{address=cluster0-shard-00-02.favgc.mongodb.net:27017, type=REPLICA_SET_SECONDARY, state=CONNECTED, ok=true, minWireVersion=0, maxWireVersion=13, maxDocumentSize=16777216, logicalSessionTimeoutMinutes=30, roundTripTimeNanos=629812945, setName='atlas-11jhlv-shard-0', canonicalAddress=cluster0-shard-00-02.favgc.mongodb.net:27017, hosts=[cluster0-shard-00-02.favgc.mongodb.net:27017, cluster0-shard-00-01.favgc.mongodb.net:27017, cluster0-shard-00-00.favgc.mongodb.net:27017], passives=[], arbiters=[], primary='cluster0-shard-00-01.favgc.mongodb.net:27017', tagSet=TagSet{[Tag{name='nodeType', value='ELECTABLE'}, Tag{name='provider', value='AWS'}, Tag{name='region', value='US_EAST_1'}, Tag{name='workloadType', value='OPERATIONAL'}]}, electionId=null, setVersion=11, topologyVersion=TopologyVersion{processId=62a76ebd3400e4b4f23fb27a, counter=3}, lastWriteDate=Tue Jun 14 16:11:42 UTC 2022, lastUpdateTimeNanos=264103542412}
2022-06-14 16:11:42.861  INFO 1065 --- [ngodb.net:27017] org.mongodb.driver.connection            : Opened connection [connectionId{localValue:1, serverValue:29508}] to cluster0-shard-00-02.favgc.mongodb.net:27017
2022-06-14 16:11:42.862  INFO 1065 --- [ngodb.net:27017] org.mongodb.driver.connection            : Opened connection [connectionId{localValue:5, serverValue:29890}] to cluster0-shard-00-01.favgc.mongodb.net:27017
2022-06-14 16:11:42.895  INFO 1065 --- [ngodb.net:27017] org.mongodb.driver.cluster               : Setting max election id to 7fffffff000000000000008f from replica set primary cluster0-shard-00-01.favgc.mongodb.net:27017
2022-06-14 16:11:42.895  INFO 1065 --- [ngodb.net:27017] org.mongodb.driver.cluster               : Setting max set version to 11 from replica set primary cluster0-shard-00-01.favgc.mongodb.net:27017
2022-06-14 16:11:42.896  INFO 1065 --- [ngodb.net:27017] org.mongodb.driver.cluster               : Discovered replica set primary cluster0-shard-00-01.favgc.mongodb.net:27017
2022-06-14 16:11:42.862  INFO 1065 --- [ngodb.net:27017] org.mongodb.driver.connection            : Opened connection [connectionId{localValue:2, serverValue:29293}] to cluster0-shard-00-00.favgc.mongodb.net:27017
2022-06-14 16:11:43.827  INFO 1065 --- [           main] o.s.b.w.embedded.tomcat.TomcatWebServer  : Tomcat started on port(s): 8080 (http) with context path ''
2022-06-14 16:11:43.856  INFO 1065 --- [           main] c.s.m.Mongoproject2Application           : Started Mongoproject2Application in 7.284 seconds (JVM running for 8.322)
2022-06-14 16:11:44.520  INFO 1065 --- [nio-8080-exec-1] o.a.c.c.C.[Tomcat].[localhost].[/]       : Initializing Spring DispatcherServlet 'dispatcherServlet'
2022-06-14 16:11:44.521  INFO 1065 --- [nio-8080-exec-1] o.s.web.servlet.DispatcherServlet        : Initializing Servlet 'dispatcherServlet'
2022-06-14 16:11:44.522  INFO 1065 --- [nio-8080-exec-1] o.s.web.servlet.DispatcherServlet        : Completed initialization in 1 ms
2022-06-14 16:11:44.907  INFO 1065 --- [nio-8080-exec-1] org.mongodb.driver.connection            : Opened connection [connectionId{localValue:7, serverValue:29853}] to cluster0-shard-00-01.favgc.mongodb.net:27017
2022-06-14 16:11:51.526  INFO 947 --- [ngodb.net:27017] org.mongodb.driver.connection            : Opened connection [connectionId{localValue:6, serverValue:29671}] to cluster0-shard-00-01.favgc.mongodb.net:27017
2022-06-14 16:11:51.526  INFO 947 --- [ngodb.net:27017] org.mongodb.driver.connection            : Opened connection [connectionId{localValue:5, serverValue:29930}] to cluster0-shard-00-01.favgc.mongodb.net:27017
2022-06-14 16:11:51.529  INFO 947 --- [ngodb.net:27017] org.mongodb.driver.connection            : Opened connection [connectionId{localValue:4, serverValue:29303}] to cluster0-shard-00-00.favgc.mongodb.net:27017
2022-06-14 16:11:51.536  INFO 947 --- [ngodb.net:27017] org.mongodb.driver.connection            : Opened connection [connectionId{localValue:1, serverValue:29507}] to cluster0-shard-00-02.favgc.mongodb.net:27017
2022-06-14 16:11:51.537  INFO 947 --- [ngodb.net:27017] org.mongodb.driver.cluster               : Monitor thread successfully connected to server with description ServerDescription{address=cluster0-shard-00-01.favgc.mongodb.net:27017, type=REPLICA_SET_PRIMARY, state=CONNECTED, ok=true, minWireVersion=0, maxWireVersion=13, maxDocumentSize=16777216, logicalSessionTimeoutMinutes=30, roundTripTimeNanos=615963384, setName='atlas-11jhlv-shard-0', canonicalAddress=cluster0-shard-00-01.favgc.mongodb.net:27017, hosts=[cluster0-shard-00-02.favgc.mongodb.net:27017, cluster0-shard-00-01.favgc.mongodb.net:27017, cluster0-shard-00-00.favgc.mongodb.net:27017], passives=[], arbiters=[], primary='cluster0-shard-00-01.favgc.mongodb.net:27017', tagSet=TagSet{[Tag{name='nodeType', value='ELECTABLE'}, Tag{name='provider', value='AWS'}, Tag{name='region', value='US_EAST_1'}, Tag{name='workloadType', value='OPERATIONAL'}]}, electionId=7fffffff000000000000008f, setVersion=11, topologyVersion=TopologyVersion{processId=62a76e544e9aad04d727c384, counter=6}, lastWriteDate=Tue Jun 14 16:11:51 UTC 2022, lastUpdateTimeNanos=272764248451}
2022-06-14 16:11:51.544  INFO 947 --- [ngodb.net:27017] org.mongodb.driver.cluster               : Setting max election id to 7fffffff000000000000008f from replica set primary cluster0-shard-00-01.favgc.mongodb.net:27017
2022-06-14 16:11:51.544  INFO 947 --- [ngodb.net:27017] org.mongodb.driver.cluster               : Setting max set version to 11 from replica set primary cluster0-shard-00-01.favgc.mongodb.net:27017
2022-06-14 16:11:51.545  INFO 947 --- [ngodb.net:27017] org.mongodb.driver.cluster               : Discovered replica set primary cluster0-shard-00-01.favgc.mongodb.net:27017
2022-06-14 16:11:51.552  INFO 947 --- [ngodb.net:27017] org.mongodb.driver.connection            : Opened connection [connectionId{localValue:3, serverValue:29303}] to cluster0-shard-00-00.favgc.mongodb.net:27017
2022-06-14 16:11:51.554  INFO 947 --- [ngodb.net:27017] org.mongodb.driver.connection            : Opened connection [connectionId{localValue:2, serverValue:29507}] to cluster0-shard-00-02.favgc.mongodb.net:27017
2022-06-14 16:11:51.556  INFO 947 --- [ngodb.net:27017] org.mongodb.driver.cluster               : Monitor thread successfully connected to server with description ServerDescription{address=cluster0-shard-00-00.favgc.mongodb.net:27017, type=REPLICA_SET_SECONDARY, state=CONNECTED, ok=true, minWireVersion=0, maxWireVersion=13, maxDocumentSize=16777216, logicalSessionTimeoutMinutes=30, roundTripTimeNanos=645034637, setName='atlas-11jhlv-shard-0', canonicalAddress=cluster0-shard-00-00.favgc.mongodb.net:27017, hosts=[cluster0-shard-00-02.favgc.mongodb.net:27017, cluster0-shard-00-01.favgc.mongodb.net:27017, cluster0-shard-00-00.favgc.mongodb.net:27017], passives=[], arbiters=[], primary='cluster0-shard-00-01.favgc.mongodb.net:27017', tagSet=TagSet{[Tag{name='nodeType', value='ELECTABLE'}, Tag{name='provider', value='AWS'}, Tag{name='region', value='US_EAST_1'}, Tag{name='workloadType', value='OPERATIONAL'}]}, electionId=null, setVersion=11, topologyVersion=TopologyVersion{processId=62a76de4a28a2e4f5372256e, counter=4}, lastWriteDate=Tue Jun 14 16:11:51 UTC 2022, lastUpdateTimeNanos=272795379943}
2022-06-14 16:11:51.556  INFO 947 --- [ngodb.net:27017] org.mongodb.driver.cluster               : Monitor thread successfully connected to server with description ServerDescription{address=cluster0-shard-00-02.favgc.mongodb.net:27017, type=REPLICA_SET_SECONDARY, state=CONNECTED, ok=true, minWireVersion=0, maxWireVersion=13, maxDocumentSize=16777216, logicalSessionTimeoutMinutes=30, roundTripTimeNanos=611799239, setName='atlas-11jhlv-shard-0', canonicalAddress=cluster0-shard-00-02.favgc.mongodb.net:27017, hosts=[cluster0-shard-00-02.favgc.mongodb.net:27017, cluster0-shard-00-01.favgc.mongodb.net:27017, cluster0-shard-00-00.favgc.mongodb.net:27017], passives=[], arbiters=[], primary='cluster0-shard-00-01.favgc.mongodb.net:27017', tagSet=TagSet{[Tag{name='nodeType', value='ELECTABLE'}, Tag{name='provider', value='AWS'}, Tag{name='region', value='US_EAST_1'}, Tag{name='workloadType', value='OPERATIONAL'}]}, electionId=null, setVersion=11, topologyVersion=TopologyVersion{processId=62a76ebd3400e4b4f23fb27a, counter=3}, lastWriteDate=Tue Jun 14 16:11:51 UTC 2022, lastUpdateTimeNanos=272796858529}
2022-06-14 16:11:52.468  WARN 947 --- [           main] ConfigServletWebServerApplicationContext : Exception encountered during context initialization - cancelling refresh attempt: org.springframework.context.ApplicationContextException: Failed to start bean 'webServerStartStop'; nested exception is org.springframework.boot.web.server.PortInUseException: Port 8080 is already in use

  .   ____          _            __ _ _
 /\\ / ___'_ __ _ _(_)_ __  __ _ \ \ \ \
( ( )\___ | '_ | '_| | '_ \/ _` | \ \ \ \
 \\/  ___)| |_)| | | | | || (_| |  ) ) ) )
  '  |____| .__|_| |_|_| |_\__, | / / / /
 =========|_|==============|___/=/_/_/_/
 :: Spring Boot ::                (v2.7.0)

2022-06-14 16:46:58.566  INFO 30396 --- [           main] c.s.m.Mongoproject2Application           : Starting Mongoproject2Application v0.0.1-SNAPSHOT using Java 11.0.15 on ip-172-31-36-222 with PID 30396 (/home/ubuntu/server-klinik-java-spring/odol-mongoproject2-0.0.1-SNAPSHOT.jar started by ubuntu in /home/ubuntu/server-klinik-java-spring)
2022-06-14 16:46:58.569  INFO 30396 --- [           main] c.s.m.Mongoproject2Application           : No active profile set, falling back to 1 default profile: "default"
2022-06-14 16:47:00.080  INFO 30396 --- [           main] .s.d.r.c.RepositoryConfigurationDelegate : Bootstrapping Spring Data MongoDB repositories in DEFAULT mode.
2022-06-14 16:47:00.195  INFO 30396 --- [           main] .s.d.r.c.RepositoryConfigurationDelegate : Finished Spring Data repository scanning in 105 ms. Found 1 MongoDB repository interfaces.
2022-06-14 16:47:01.360  INFO 30396 --- [           main] o.s.b.w.embedded.tomcat.TomcatWebServer  : Tomcat initialized with port(s): 8080 (http)
2022-06-14 16:47:01.393  INFO 30396 --- [           main] o.apache.catalina.core.StandardService   : Starting service [Tomcat]
2022-06-14 16:47:01.394  INFO 30396 --- [           main] org.apache.catalina.core.StandardEngine  : Starting Servlet engine: [Apache Tomcat/9.0.63]
2022-06-14 16:47:01.619  INFO 30396 --- [           main] o.a.c.c.C.[Tomcat].[localhost].[/]       : Initializing Spring embedded WebApplicationContext
2022-06-14 16:47:01.619  INFO 30396 --- [           main] w.s.c.ServletWebServerApplicationContext : Root WebApplicationContext: initialization completed in 2929 ms
2022-06-14 16:47:02.580  INFO 30396 --- [vgc.mongodb.net] org.mongodb.driver.cluster               : Adding discovered server cluster0-shard-00-02.favgc.mongodb.net:27017 to client view of cluster
2022-06-14 16:47:02.628  INFO 30396 --- [           main] org.mongodb.driver.client                : MongoClient with metadata {"driver": {"name": "mongo-java-driver|sync|spring-boot", "version": "4.6.0"}, "os": {"type": "Linux", "name": "Linux", "architecture": "amd64", "version": "5.13.0-1022-aws"}, "platform": "Java/Private Build/11.0.15+10-Ubuntu-0ubuntu0.20.04.1"} created with settings MongoClientSettings{readPreference=primary, writeConcern=WriteConcern{w=majority, wTimeout=null ms, journal=null}, retryWrites=true, retryReads=true, readConcern=ReadConcern{level=null}, credential=MongoCredential{mechanism=null, userName='aamuzakii', source='admin', password=<hidden>, mechanismProperties=<hidden>}, streamFactoryFactory=null, commandListeners=[], codecRegistry=ProvidersCodecRegistry{codecProviders=[ValueCodecProvider{}, BsonValueCodecProvider{}, DBRefCodecProvider{}, DBObjectCodecProvider{}, DocumentCodecProvider{}, IterableCodecProvider{}, MapCodecProvider{}, GeoJsonCodecProvider{}, GridFSFileCodecProvider{}, Jsr310CodecProvider{}, JsonObjectCodecProvider{}, BsonCodecProvider{}, EnumCodecProvider{}, com.mongodb.Jep395RecordCodecProvider@5c87bfe2]}, clusterSettings={hosts=[127.0.0.1:27017], srvHost=cluster0.favgc.mongodb.net, srvServiceName=mongodb, mode=MULTIPLE, requiredClusterType=REPLICA_SET, requiredReplicaSetName='atlas-11jhlv-shard-0', serverSelector='null', clusterListeners='[]', serverSelectionTimeout='30000 ms', localThreshold='30000 ms'}, socketSettings=SocketSettings{connectTimeoutMS=10000, readTimeoutMS=0, receiveBufferSize=0, sendBufferSize=0}, heartbeatSocketSettings=SocketSettings{connectTimeoutMS=10000, readTimeoutMS=10000, receiveBufferSize=0, sendBufferSize=0}, connectionPoolSettings=ConnectionPoolSettings{maxSize=100, minSize=0, maxWaitTimeMS=120000, maxConnectionLifeTimeMS=0, maxConnectionIdleTimeMS=0, maintenanceInitialDelayMS=0, maintenanceFrequencyMS=60000, connectionPoolListeners=[], maxConnecting=2}, serverSettings=ServerSettings{heartbeatFrequencyMS=10000, minHeartbeatFrequencyMS=500, serverListeners='[]', serverMonitorListeners='[]'}, sslSettings=SslSettings{enabled=true, invalidHostNameAllowed=false, context=null}, applicationName='null', compressorList=[], uuidRepresentation=JAVA_LEGACY, serverApi=null, autoEncryptionSettings=null, contextProvider=null}
2022-06-14 16:47:02.655  INFO 30396 --- [vgc.mongodb.net] org.mongodb.driver.cluster               : Adding discovered server cluster0-shard-00-00.favgc.mongodb.net:27017 to client view of cluster
2022-06-14 16:47:02.671  INFO 30396 --- [vgc.mongodb.net] org.mongodb.driver.cluster               : Adding discovered server cluster0-shard-00-01.favgc.mongodb.net:27017 to client view of cluster
2022-06-14 16:47:04.027  INFO 30396 --- [ngodb.net:27017] org.mongodb.driver.connection            : Opened connection [connectionId{localValue:3, serverValue:30096}] to cluster0-shard-00-00.favgc.mongodb.net:27017
2022-06-14 16:47:04.028  INFO 30396 --- [ngodb.net:27017] org.mongodb.driver.cluster               : Monitor thread successfully connected to server with description ServerDescription{address=cluster0-shard-00-00.favgc.mongodb.net:27017, type=REPLICA_SET_SECONDARY, state=CONNECTED, ok=true, minWireVersion=0, maxWireVersion=13, maxDocumentSize=16777216, logicalSessionTimeoutMinutes=30, roundTripTimeNanos=723650735, setName='atlas-11jhlv-shard-0', canonicalAddress=cluster0-shard-00-00.favgc.mongodb.net:27017, hosts=[cluster0-shard-00-02.favgc.mongodb.net:27017, cluster0-shard-00-01.favgc.mongodb.net:27017, cluster0-shard-00-00.favgc.mongodb.net:27017], passives=[], arbiters=[], primary='cluster0-shard-00-01.favgc.mongodb.net:27017', tagSet=TagSet{[Tag{name='nodeType', value='ELECTABLE'}, Tag{name='provider', value='AWS'}, Tag{name='region', value='US_EAST_1'}, Tag{name='workloadType', value='OPERATIONAL'}]}, electionId=null, setVersion=11, topologyVersion=TopologyVersion{processId=62a76de4a28a2e4f5372256e, counter=4}, lastWriteDate=Tue Jun 14 16:47:03 UTC 2022, lastUpdateTimeNanos=2385249296970}
2022-06-14 16:47:04.030  INFO 30396 --- [ngodb.net:27017] org.mongodb.driver.connection            : Opened connection [connectionId{localValue:6, serverValue:30293}] to cluster0-shard-00-02.favgc.mongodb.net:27017
2022-06-14 16:47:04.030  INFO 30396 --- [ngodb.net:27017] org.mongodb.driver.cluster               : Monitor thread successfully connected to server with description ServerDescription{address=cluster0-shard-00-02.favgc.mongodb.net:27017, type=REPLICA_SET_SECONDARY, state=CONNECTED, ok=true, minWireVersion=0, maxWireVersion=13, maxDocumentSize=16777216, logicalSessionTimeoutMinutes=30, roundTripTimeNanos=740281033, setName='atlas-11jhlv-shard-0', canonicalAddress=cluster0-shard-00-02.favgc.mongodb.net:27017, hosts=[cluster0-shard-00-02.favgc.mongodb.net:27017, cluster0-shard-00-01.favgc.mongodb.net:27017, cluster0-shard-00-00.favgc.mongodb.net:27017], passives=[], arbiters=[], primary='cluster0-shard-00-01.favgc.mongodb.net:27017', tagSet=TagSet{[Tag{name='nodeType', value='ELECTABLE'}, Tag{name='provider', value='AWS'}, Tag{name='region', value='US_EAST_1'}, Tag{name='workloadType', value='OPERATIONAL'}]}, electionId=null, setVersion=11, topologyVersion=TopologyVersion{processId=62a76ebd3400e4b4f23fb27a, counter=3}, lastWriteDate=Tue Jun 14 16:47:03 UTC 2022, lastUpdateTimeNanos=2385266028083}
2022-06-14 16:47:04.031  INFO 30396 --- [ngodb.net:27017] org.mongodb.driver.connection            : Opened connection [connectionId{localValue:2, serverValue:30096}] to cluster0-shard-00-00.favgc.mongodb.net:27017
2022-06-14 16:47:04.031  INFO 30396 --- [ngodb.net:27017] org.mongodb.driver.connection            : Opened connection [connectionId{localValue:5, serverValue:30740}] to cluster0-shard-00-01.favgc.mongodb.net:27017
2022-06-14 16:47:04.032  INFO 30396 --- [ngodb.net:27017] org.mongodb.driver.connection            : Opened connection [connectionId{localValue:1, serverValue:30740}] to cluster0-shard-00-01.favgc.mongodb.net:27017
2022-06-14 16:47:04.033  INFO 30396 --- [ngodb.net:27017] org.mongodb.driver.connection            : Opened connection [connectionId{localValue:4, serverValue:30293}] to cluster0-shard-00-02.favgc.mongodb.net:27017
2022-06-14 16:47:04.051  INFO 30396 --- [ngodb.net:27017] org.mongodb.driver.cluster               : Monitor thread successfully connected to server with description ServerDescription{address=cluster0-shard-00-01.favgc.mongodb.net:27017, type=REPLICA_SET_PRIMARY, state=CONNECTED, ok=true, minWireVersion=0, maxWireVersion=13, maxDocumentSize=16777216, logicalSessionTimeoutMinutes=30, roundTripTimeNanos=749686499, setName='atlas-11jhlv-shard-0', canonicalAddress=cluster0-shard-00-01.favgc.mongodb.net:27017, hosts=[cluster0-shard-00-02.favgc.mongodb.net:27017, cluster0-shard-00-01.favgc.mongodb.net:27017, cluster0-shard-00-00.favgc.mongodb.net:27017], passives=[], arbiters=[], primary='cluster0-shard-00-01.favgc.mongodb.net:27017', tagSet=TagSet{[Tag{name='nodeType', value='ELECTABLE'}, Tag{name='provider', value='AWS'}, Tag{name='region', value='US_EAST_1'}, Tag{name='workloadType', value='OPERATIONAL'}]}, electionId=7fffffff000000000000008f, setVersion=11, topologyVersion=TopologyVersion{processId=62a76e544e9aad04d727c384, counter=6}, lastWriteDate=Tue Jun 14 16:47:03 UTC 2022, lastUpdateTimeNanos=2385275365659}
2022-06-14 16:47:04.061  INFO 30396 --- [ngodb.net:27017] org.mongodb.driver.cluster               : Setting max election id to 7fffffff000000000000008f from replica set primary cluster0-shard-00-01.favgc.mongodb.net:27017
2022-06-14 16:47:04.061  INFO 30396 --- [ngodb.net:27017] org.mongodb.driver.cluster               : Setting max set version to 11 from replica set primary cluster0-shard-00-01.favgc.mongodb.net:27017
2022-06-14 16:47:04.074  INFO 30396 --- [ngodb.net:27017] org.mongodb.driver.cluster               : Discovered replica set primary cluster0-shard-00-01.favgc.mongodb.net:27017
2022-06-14 16:47:04.936  INFO 30396 --- [           main] o.s.b.w.embedded.tomcat.TomcatWebServer  : Tomcat started on port(s): 8080 (http) with context path ''
2022-06-14 16:47:04.957  INFO 30396 --- [           main] c.s.m.Mongoproject2Application           : Started Mongoproject2Application in 7.581 seconds (JVM running for 8.853)
2022-06-14 16:47:06.351  INFO 30396 --- [nio-8080-exec-1] o.a.c.c.C.[Tomcat].[localhost].[/]       : Initializing Spring DispatcherServlet 'dispatcherServlet'
2022-06-14 16:47:06.356  INFO 30396 --- [nio-8080-exec-1] o.s.web.servlet.DispatcherServlet        : Initializing Servlet 'dispatcherServlet'
2022-06-14 16:47:06.362  INFO 30396 --- [nio-8080-exec-1] o.s.web.servlet.DispatcherServlet        : Completed initialization in 5 ms
