
  .   ____          _            __ _ _
 /\\ / ___'_ __ _ _(_)_ __  __ _ \ \ \ \
( ( )\___ | '_ | '_| | '_ \/ _` | \ \ \ \
 \\/  ___)| |_)| | | | | || (_| |  ) ) ) )
  '  |____| .__|_| |_|_| |_\__, | / / / /
 =========|_|==============|___/=/_/_/_/
 :: Spring Boot ::                (v2.7.0)

2022-06-14 02:53:14.603  INFO 1656 --- [           main] c.s.m.Mongoproject2Application           : Starting Mongoproject2Application v0.0.1-SNAPSHOT using Java 11.0.15 on ip-172-31-36-222 with PID 1656 (/home/ubuntu/server-klinik-java-spring/mongoproject2-0.0.1-SNAPSHOT.jar started by ubuntu in /home/ubuntu/server-klinik-java-spring)
2022-06-14 02:53:14.606  INFO 1656 --- [           main] c.s.m.Mongoproject2Application           : No active profile set, falling back to 1 default profile: "default"
2022-06-14 02:53:16.089  INFO 1656 --- [           main] .s.d.r.c.RepositoryConfigurationDelegate : Bootstrapping Spring Data MongoDB repositories in DEFAULT mode.
2022-06-14 02:53:16.200  INFO 1656 --- [           main] .s.d.r.c.RepositoryConfigurationDelegate : Finished Spring Data repository scanning in 97 ms. Found 1 MongoDB repository interfaces.
2022-06-14 02:53:17.388  INFO 1656 --- [           main] o.s.b.w.embedded.tomcat.TomcatWebServer  : Tomcat initialized with port(s): 80 (http)
2022-06-14 02:53:17.417  INFO 1656 --- [           main] o.apache.catalina.core.StandardService   : Starting service [Tomcat]
2022-06-14 02:53:17.417  INFO 1656 --- [           main] org.apache.catalina.core.StandardEngine  : Starting Servlet engine: [Apache Tomcat/9.0.63]
2022-06-14 02:53:17.607  INFO 1656 --- [           main] o.a.c.c.C.[Tomcat].[localhost].[/]       : Initializing Spring embedded WebApplicationContext
2022-06-14 02:53:17.607  INFO 1656 --- [           main] w.s.c.ServletWebServerApplicationContext : Root WebApplicationContext: initialization completed in 2875 ms
2022-06-14 02:53:18.503  INFO 1656 --- [vgc.mongodb.net] org.mongodb.driver.cluster               : Adding discovered server cluster0-shard-00-02.favgc.mongodb.net:27017 to client view of cluster
2022-06-14 02:53:18.542  INFO 1656 --- [           main] org.mongodb.driver.client                : MongoClient with metadata {"driver": {"name": "mongo-java-driver|sync|spring-boot", "version": "4.6.0"}, "os": {"type": "Linux", "name": "Linux", "architecture": "amd64", "version": "5.13.0-1022-aws"}, "platform": "Java/Private Build/11.0.15+10-Ubuntu-0ubuntu0.20.04.1"} created with settings MongoClientSettings{readPreference=primary, writeConcern=WriteConcern{w=majority, wTimeout=null ms, journal=null}, retryWrites=true, retryReads=true, readConcern=ReadConcern{level=null}, credential=MongoCredential{mechanism=null, userName='aamuzakii', source='admin', password=<hidden>, mechanismProperties=<hidden>}, streamFactoryFactory=null, commandListeners=[], codecRegistry=ProvidersCodecRegistry{codecProviders=[ValueCodecProvider{}, BsonValueCodecProvider{}, DBRefCodecProvider{}, DBObjectCodecProvider{}, DocumentCodecProvider{}, IterableCodecProvider{}, MapCodecProvider{}, GeoJsonCodecProvider{}, GridFSFileCodecProvider{}, Jsr310CodecProvider{}, JsonObjectCodecProvider{}, BsonCodecProvider{}, EnumCodecProvider{}, com.mongodb.Jep395RecordCodecProvider@2fea7088]}, clusterSettings={hosts=[127.0.0.1:27017], srvHost=cluster0.favgc.mongodb.net, srvServiceName=mongodb, mode=MULTIPLE, requiredClusterType=REPLICA_SET, requiredReplicaSetName='atlas-11jhlv-shard-0', serverSelector='null', clusterListeners='[]', serverSelectionTimeout='30000 ms', localThreshold='30000 ms'}, socketSettings=SocketSettings{connectTimeoutMS=10000, readTimeoutMS=0, receiveBufferSize=0, sendBufferSize=0}, heartbeatSocketSettings=SocketSettings{connectTimeoutMS=10000, readTimeoutMS=10000, receiveBufferSize=0, sendBufferSize=0}, connectionPoolSettings=ConnectionPoolSettings{maxSize=100, minSize=0, maxWaitTimeMS=120000, maxConnectionLifeTimeMS=0, maxConnectionIdleTimeMS=0, maintenanceInitialDelayMS=0, maintenanceFrequencyMS=60000, connectionPoolListeners=[], maxConnecting=2}, serverSettings=ServerSettings{heartbeatFrequencyMS=10000, minHeartbeatFrequencyMS=500, serverListeners='[]', serverMonitorListeners='[]'}, sslSettings=SslSettings{enabled=true, invalidHostNameAllowed=false, context=null}, applicationName='null', compressorList=[], uuidRepresentation=JAVA_LEGACY, serverApi=null, autoEncryptionSettings=null, contextProvider=null}
2022-06-14 02:53:18.586  INFO 1656 --- [vgc.mongodb.net] org.mongodb.driver.cluster               : Adding discovered server cluster0-shard-00-00.favgc.mongodb.net:27017 to client view of cluster
2022-06-14 02:53:18.594  INFO 1656 --- [vgc.mongodb.net] org.mongodb.driver.cluster               : Adding discovered server cluster0-shard-00-01.favgc.mongodb.net:27017 to client view of cluster
2022-06-14 02:53:19.796  INFO 1656 --- [ngodb.net:27017] org.mongodb.driver.connection            : Opened connection [connectionId{localValue:5, serverValue:13424}] to cluster0-shard-00-00.favgc.mongodb.net:27017
2022-06-14 02:53:19.796  INFO 1656 --- [ngodb.net:27017] org.mongodb.driver.connection            : Opened connection [connectionId{localValue:3, serverValue:13674}] to cluster0-shard-00-02.favgc.mongodb.net:27017
2022-06-14 02:53:19.797  INFO 1656 --- [ngodb.net:27017] org.mongodb.driver.cluster               : Monitor thread successfully connected to server with description ServerDescription{address=cluster0-shard-00-02.favgc.mongodb.net:27017, type=REPLICA_SET_SECONDARY, state=CONNECTED, ok=true, minWireVersion=0, maxWireVersion=13, maxDocumentSize=16777216, logicalSessionTimeoutMinutes=30, roundTripTimeNanos=701772612, setName='atlas-11jhlv-shard-0', canonicalAddress=cluster0-shard-00-02.favgc.mongodb.net:27017, hosts=[cluster0-shard-00-02.favgc.mongodb.net:27017, cluster0-shard-00-01.favgc.mongodb.net:27017, cluster0-shard-00-00.favgc.mongodb.net:27017], passives=[], arbiters=[], primary='cluster0-shard-00-01.favgc.mongodb.net:27017', tagSet=TagSet{[Tag{name='nodeType', value='ELECTABLE'}, Tag{name='provider', value='AWS'}, Tag{name='region', value='US_EAST_1'}, Tag{name='workloadType', value='OPERATIONAL'}]}, electionId=null, setVersion=11, topologyVersion=TopologyVersion{processId=62a76ebd3400e4b4f23fb27a, counter=3}, lastWriteDate=Tue Jun 14 02:53:19 UTC 2022, lastUpdateTimeNanos=342785211357}
2022-06-14 02:53:19.806  INFO 1656 --- [ngodb.net:27017] org.mongodb.driver.connection            : Opened connection [connectionId{localValue:1, serverValue:13674}] to cluster0-shard-00-02.favgc.mongodb.net:27017
2022-06-14 02:53:19.808  INFO 1656 --- [ngodb.net:27017] org.mongodb.driver.connection            : Opened connection [connectionId{localValue:6, serverValue:13756}] to cluster0-shard-00-01.favgc.mongodb.net:27017
2022-06-14 02:53:19.807  INFO 1656 --- [ngodb.net:27017] org.mongodb.driver.connection            : Opened connection [connectionId{localValue:2, serverValue:13424}] to cluster0-shard-00-00.favgc.mongodb.net:27017
2022-06-14 02:53:19.811  INFO 1656 --- [ngodb.net:27017] org.mongodb.driver.connection            : Opened connection [connectionId{localValue:4, serverValue:13756}] to cluster0-shard-00-01.favgc.mongodb.net:27017
2022-06-14 02:53:19.815  INFO 1656 --- [ngodb.net:27017] org.mongodb.driver.cluster               : Monitor thread successfully connected to server with description ServerDescription{address=cluster0-shard-00-00.favgc.mongodb.net:27017, type=REPLICA_SET_SECONDARY, state=CONNECTED, ok=true, minWireVersion=0, maxWireVersion=13, maxDocumentSize=16777216, logicalSessionTimeoutMinutes=30, roundTripTimeNanos=726568980, setName='atlas-11jhlv-shard-0', canonicalAddress=cluster0-shard-00-00.favgc.mongodb.net:27017, hosts=[cluster0-shard-00-02.favgc.mongodb.net:27017, cluster0-shard-00-01.favgc.mongodb.net:27017, cluster0-shard-00-00.favgc.mongodb.net:27017], passives=[], arbiters=[], primary='cluster0-shard-00-01.favgc.mongodb.net:27017', tagSet=TagSet{[Tag{name='nodeType', value='ELECTABLE'}, Tag{name='provider', value='AWS'}, Tag{name='region', value='US_EAST_1'}, Tag{name='workloadType', value='OPERATIONAL'}]}, electionId=null, setVersion=11, topologyVersion=TopologyVersion{processId=62a76de4a28a2e4f5372256e, counter=4}, lastWriteDate=Tue Jun 14 02:53:19 UTC 2022, lastUpdateTimeNanos=342808109080}
2022-06-14 02:53:19.817  INFO 1656 --- [ngodb.net:27017] org.mongodb.driver.cluster               : Monitor thread successfully connected to server with description ServerDescription{address=cluster0-shard-00-01.favgc.mongodb.net:27017, type=REPLICA_SET_PRIMARY, state=CONNECTED, ok=true, minWireVersion=0, maxWireVersion=13, maxDocumentSize=16777216, logicalSessionTimeoutMinutes=30, roundTripTimeNanos=728421610, setName='atlas-11jhlv-shard-0', canonicalAddress=cluster0-shard-00-01.favgc.mongodb.net:27017, hosts=[cluster0-shard-00-02.favgc.mongodb.net:27017, cluster0-shard-00-01.favgc.mongodb.net:27017, cluster0-shard-00-00.favgc.mongodb.net:27017], passives=[], arbiters=[], primary='cluster0-shard-00-01.favgc.mongodb.net:27017', tagSet=TagSet{[Tag{name='nodeType', value='ELECTABLE'}, Tag{name='provider', value='AWS'}, Tag{name='region', value='US_EAST_1'}, Tag{name='workloadType', value='OPERATIONAL'}]}, electionId=7fffffff000000000000008f, setVersion=11, topologyVersion=TopologyVersion{processId=62a76e544e9aad04d727c384, counter=6}, lastWriteDate=Tue Jun 14 02:53:19 UTC 2022, lastUpdateTimeNanos=342811778824}
2022-06-14 02:53:19.817  INFO 1656 --- [ngodb.net:27017] org.mongodb.driver.cluster               : Setting max election id to 7fffffff000000000000008f from replica set primary cluster0-shard-00-01.favgc.mongodb.net:27017
2022-06-14 02:53:19.818  INFO 1656 --- [ngodb.net:27017] org.mongodb.driver.cluster               : Setting max set version to 11 from replica set primary cluster0-shard-00-01.favgc.mongodb.net:27017
2022-06-14 02:53:19.818  INFO 1656 --- [ngodb.net:27017] org.mongodb.driver.cluster               : Discovered replica set primary cluster0-shard-00-01.favgc.mongodb.net:27017
2022-06-14 02:53:20.743  WARN 1656 --- [           main] ConfigServletWebServerApplicationContext : Exception encountered during context initialization - cancelling refresh attempt: org.springframework.context.ApplicationContextException: Failed to start bean 'webServerStartStop'; nested exception is org.springframework.boot.web.server.WebServerException: Unable to start embedded Tomcat server
2022-06-14 02:53:20.796  INFO 1656 --- [           main] o.apache.catalina.core.StandardService   : Stopping service [Tomcat]
2022-06-14 02:53:20.826  INFO 1656 --- [           main] ConditionEvaluationReportLoggingListener : 

Error starting ApplicationContext. To display the conditions report re-run your application with 'debug' enabled.
2022-06-14 02:53:20.875 ERROR 1656 --- [           main] o.s.boot.SpringApplication               : Application run failed

org.springframework.context.ApplicationContextException: Failed to start bean 'webServerStartStop'; nested exception is org.springframework.boot.web.server.WebServerException: Unable to start embedded Tomcat server
	at org.springframework.context.support.DefaultLifecycleProcessor.doStart(DefaultLifecycleProcessor.java:181) ~[spring-context-5.3.20.jar!/:5.3.20]
	at org.springframework.context.support.DefaultLifecycleProcessor.access$200(DefaultLifecycleProcessor.java:54) ~[spring-context-5.3.20.jar!/:5.3.20]
	at org.springframework.context.support.DefaultLifecycleProcessor$LifecycleGroup.start(DefaultLifecycleProcessor.java:356) ~[spring-context-5.3.20.jar!/:5.3.20]
	at java.base/java.lang.Iterable.forEach(Iterable.java:75) ~[na:na]
	at org.springframework.context.support.DefaultLifecycleProcessor.startBeans(DefaultLifecycleProcessor.java:155) ~[spring-context-5.3.20.jar!/:5.3.20]
	at org.springframework.context.support.DefaultLifecycleProcessor.onRefresh(DefaultLifecycleProcessor.java:123) ~[spring-context-5.3.20.jar!/:5.3.20]
	at org.springframework.context.support.AbstractApplicationContext.finishRefresh(AbstractApplicationContext.java:935) ~[spring-context-5.3.20.jar!/:5.3.20]
	at org.springframework.context.support.AbstractApplicationContext.refresh(AbstractApplicationContext.java:586) ~[spring-context-5.3.20.jar!/:5.3.20]
	at org.springframework.boot.web.servlet.context.ServletWebServerApplicationContext.refresh(ServletWebServerApplicationContext.java:147) ~[spring-boot-2.7.0.jar!/:2.7.0]
	at org.springframework.boot.SpringApplication.refresh(SpringApplication.java:734) ~[spring-boot-2.7.0.jar!/:2.7.0]
	at org.springframework.boot.SpringApplication.refreshContext(SpringApplication.java:408) ~[spring-boot-2.7.0.jar!/:2.7.0]
	at org.springframework.boot.SpringApplication.run(SpringApplication.java:308) ~[spring-boot-2.7.0.jar!/:2.7.0]
	at org.springframework.boot.SpringApplication.run(SpringApplication.java:1306) ~[spring-boot-2.7.0.jar!/:2.7.0]
	at org.springframework.boot.SpringApplication.run(SpringApplication.java:1295) ~[spring-boot-2.7.0.jar!/:2.7.0]
	at com.salatin.mongoproject2.Mongoproject2Application.main(Mongoproject2Application.java:10) ~[classes!/:0.0.1-SNAPSHOT]
	at java.base/jdk.internal.reflect.NativeMethodAccessorImpl.invoke0(Native Method) ~[na:na]
	at java.base/jdk.internal.reflect.NativeMethodAccessorImpl.invoke(NativeMethodAccessorImpl.java:62) ~[na:na]
	at java.base/jdk.internal.reflect.DelegatingMethodAccessorImpl.invoke(DelegatingMethodAccessorImpl.java:43) ~[na:na]
	at java.base/java.lang.reflect.Method.invoke(Method.java:566) ~[na:na]
	at org.springframework.boot.loader.MainMethodRunner.run(MainMethodRunner.java:49) ~[mongoproject2-0.0.1-SNAPSHOT.jar:0.0.1-SNAPSHOT]
	at org.springframework.boot.loader.Launcher.launch(Launcher.java:108) ~[mongoproject2-0.0.1-SNAPSHOT.jar:0.0.1-SNAPSHOT]
	at org.springframework.boot.loader.Launcher.launch(Launcher.java:58) ~[mongoproject2-0.0.1-SNAPSHOT.jar:0.0.1-SNAPSHOT]
	at org.springframework.boot.loader.JarLauncher.main(JarLauncher.java:65) ~[mongoproject2-0.0.1-SNAPSHOT.jar:0.0.1-SNAPSHOT]
Caused by: org.springframework.boot.web.server.WebServerException: Unable to start embedded Tomcat server
	at org.springframework.boot.web.embedded.tomcat.TomcatWebServer.start(TomcatWebServer.java:229) ~[spring-boot-2.7.0.jar!/:2.7.0]
	at org.springframework.boot.web.servlet.context.WebServerStartStopLifecycle.start(WebServerStartStopLifecycle.java:43) ~[spring-boot-2.7.0.jar!/:2.7.0]
	at org.springframework.context.support.DefaultLifecycleProcessor.doStart(DefaultLifecycleProcessor.java:178) ~[spring-context-5.3.20.jar!/:5.3.20]
	... 22 common frames omitted
Caused by: java.lang.IllegalArgumentException: standardService.connector.startFailed
	at org.apache.catalina.core.StandardService.addConnector(StandardService.java:238) ~[tomcat-embed-core-9.0.63.jar!/:na]
	at org.springframework.boot.web.embedded.tomcat.TomcatWebServer.addPreviouslyRemovedConnectors(TomcatWebServer.java:282) ~[spring-boot-2.7.0.jar!/:2.7.0]
	at org.springframework.boot.web.embedded.tomcat.TomcatWebServer.start(TomcatWebServer.java:213) ~[spring-boot-2.7.0.jar!/:2.7.0]
	... 24 common frames omitted
Caused by: org.apache.catalina.LifecycleException: Protocol handler start failed
	at org.apache.catalina.connector.Connector.startInternal(Connector.java:1075) ~[tomcat-embed-core-9.0.63.jar!/:na]
	at org.apache.catalina.util.LifecycleBase.start(LifecycleBase.java:183) ~[tomcat-embed-core-9.0.63.jar!/:na]
	at org.apache.catalina.core.StandardService.addConnector(StandardService.java:234) ~[tomcat-embed-core-9.0.63.jar!/:na]
	... 26 common frames omitted
Caused by: java.net.SocketException: Permission denied
	at java.base/sun.nio.ch.Net.bind0(Native Method) ~[na:na]
	at java.base/sun.nio.ch.Net.bind(Net.java:459) ~[na:na]
	at java.base/sun.nio.ch.Net.bind(Net.java:448) ~[na:na]
	at java.base/sun.nio.ch.ServerSocketChannelImpl.bind(ServerSocketChannelImpl.java:227) ~[na:na]
	at org.apache.tomcat.util.net.NioEndpoint.initServerSocket(NioEndpoint.java:274) ~[tomcat-embed-core-9.0.63.jar!/:na]
	at org.apache.tomcat.util.net.NioEndpoint.bind(NioEndpoint.java:229) ~[tomcat-embed-core-9.0.63.jar!/:na]
	at org.apache.tomcat.util.net.AbstractEndpoint.bindWithCleanup(AbstractEndpoint.java:1227) ~[tomcat-embed-core-9.0.63.jar!/:na]
	at org.apache.tomcat.util.net.AbstractEndpoint.start(AbstractEndpoint.java:1313) ~[tomcat-embed-core-9.0.63.jar!/:na]
	at org.apache.coyote.AbstractProtocol.start(AbstractProtocol.java:614) ~[tomcat-embed-core-9.0.63.jar!/:na]
	at org.apache.catalina.connector.Connector.startInternal(Connector.java:1072) ~[tomcat-embed-core-9.0.63.jar!/:na]
	... 28 common frames omitted

